11:53:34.484 [main                     ] DEBUG Logger               - Configured Logger
11:53:34.498 [main                     ] DEBUG GameApplication      - Logging settings
Title: Snake
Version: 0.0
Width: 720
Height: 720
Fullscreen: false
Intro: false
Profiling: false
Single step:false
App Mode: DEVELOPER
Menu Key: ESCAPE
Stage Style: DECORATED
Scene Factory: class com.almasb.fxgl.app.scene.SceneFactory

11:53:34.785 [JavaFX Application Thread] DEBUG FXGLApplication      - Initializing FXGL
11:53:34.786 [JavaFX Application Thread] INFO  Engine               - FXGL-11.16 (25.05.2021 08.16) on LINUX (J:16.0.2 FX:16)
11:53:34.787 [JavaFX Application Thread] DEBUG Engine               - JRE Vendor Name: Azul Systems, Inc.
11:53:34.787 [JavaFX Application Thread] DEBUG Engine               - Running on OS: Linux version 5.11.0-27-generic
11:53:34.787 [JavaFX Application Thread] DEBUG Engine               - Architecture: amd64
11:53:34.787 [JavaFX Application Thread] INFO  Engine               - Source code and latest versions at: https://github.com/AlmasB/FXGL
11:53:34.788 [JavaFX Application Thread] INFO  Engine               -              Join the FXGL chat at: https://gitter.im/AlmasB/FXGL
11:53:34.853 [JavaFX Application Thread] DEBUG PrimaryStageWindow   - Creating a JavaFX scene
11:53:34.909 [JavaFX Application Thread] DEBUG PrimaryStageWindow   - Target settings size: 720.0 x 720.0
11:53:34.909 [JavaFX Application Thread] DEBUG PrimaryStageWindow   - Scaled scene size:    720.0 x 720.0
11:53:34.910 [JavaFX Application Thread] DEBUG PrimaryStageWindow   - Scaled ratio: (1.0, 1.0)
11:53:34.910 [JavaFX Application Thread] DEBUG PrimaryStageWindow   - Set initial scene to FXGLStartupScene
11:53:34.914 [JavaFX Application Thread] DEBUG PrimaryStageWindow   - Opening main window
11:53:34.949 [JavaFX Application Thread] DEBUG PrimaryStageWindow   - Window border size: (2.0, 29.0)
11:53:34.949 [JavaFX Application Thread] DEBUG PrimaryStageWindow   - Scaled size: 720.0 x 720.0
11:53:34.950 [JavaFX Application Thread] DEBUG PrimaryStageWindow   - Scaled ratio: (1.0, 1.0)
11:53:34.950 [JavaFX Application Thread] DEBUG PrimaryStageWindow   - Scene size: 720.0 x 720.0
11:53:34.950 [JavaFX Application Thread] DEBUG PrimaryStageWindow   - Stage size: 722.0 x 749.0
11:53:34.957 [FXGL Background Thread 1 ] DEBUG Engine               - Initializing environment variables
11:53:34.992 [FXGL Background Thread 1 ] DEBUG FXGLAssetLoaderServi - User app class for loading assets: class com.game.snake.SnakeApplication
11:53:34.993 [FXGL Background Thread 1 ] DEBUG GameApplicationServi - Applying CSS: fxgl_dark.css
11:53:34.994 [FXGL Background Thread 1 ] DEBUG FXGLAssetLoaderServi - Loading from file system: jar:file:///home/d/.m2/repository/com/github/almasb/fxgl/11.16/fxgl-11.16.jar!/fxglassets/ui/css/fxgl_dark.css
11:53:35.059 [FXGL Background Thread 1 ] DEBUG GameApplicationServi - Initializing application scenes
11:53:35.093 [FXGL Background Thread 1 ] DEBUG GameWorld            - Game world initialized
11:53:35.130 [FXGL Background Thread 1 ] DEBUG PhysicsWorld         - Physics world initialized: appHeight=720, physics.ppm=50.0
11:53:35.130 [FXGL Background Thread 1 ] DEBUG PhysicsWorld         - Using strategy: BRUTE_FORCE
11:53:35.134 [FXGL Background Thread 1 ] DEBUG GameScene            - Game scene initialized: 720x720
11:53:35.140 [FXGL Background Thread 1 ] WARN  FXGL.DefaultMenu     - FXGLDefaultMenu is not designed for resolutions < 800x600
11:53:35.140 [FXGL Background Thread 1 ] DEBUG FXGL.DefaultMenu     - createMenuBodyGameMenu()
11:53:35.150 [FXGL Background Thread 1 ] DEBUG FXGL.DefaultMenu     - createOptionsMenu()
11:53:35.155 [FXGL Background Thread 1 ] DEBUG FXGLAssetLoaderServi - Loading from file system: jar:file:///home/d/.m2/repository/com/github/almasb/fxgl/11.16/fxgl-11.16.jar!/fxglassets/textures/particles/smoke.png
11:53:35.219 [FXGL Background Thread 1 ] DEBUG FXGLAssetLoaderServi - Loading from file system: jar:file:///home/d/.m2/repository/com/github/almasb/fxgl/11.16/fxgl-11.16.jar!/fxglassets/textures/particles/trace_horizontal.png
11:53:35.251 [FXGL Background Thread 1 ] DEBUG GameApplicationServi - Application scenes initialized
11:53:35.257 [FXGL Background Thread 1 ] DEBUG SystemBundleService  - Loading FXGL system data
11:53:35.259 [FXGL Background Thread 1 ] DEBUG FileSystemAccess     - Reading from: /home/d/IdeaProjects/Snake/system/fxgl.bundle
11:53:35.265 [FXGL Background Thread 1 ] DEBUG SystemBundleService  - Bundle FXGL: {}
11:53:35.265 [FXGL Background Thread 1 ] DEBUG UpdaterService       - Checking for updates
11:53:35.268 [FXGL Background Thread 4 ] DEBUG FXGLApplication      - Loading fonts
11:53:35.268 [FXGL Background Thread 1 ] DEBUG FXGLApplication      - Loading default localization
11:53:35.269 [FXGL Background Thread 1 ] DEBUG FXGLAssetLoaderServi - Loading from file system: jar:file:///home/d/.m2/repository/com/github/almasb/fxgl/11.16/fxgl-11.16.jar!/fxglassets/languages/english.lang
11:53:35.269 [FXGL Background Thread 4 ] DEBUG FXGLAssetLoaderServi - Loading from file system: jar:file:///home/d/.m2/repository/com/github/almasb/fxgl/11.16/fxgl-11.16.jar!/fxglassets/ui/fonts/VarelaRound-Regular.ttf
11:53:35.277 [FXGL Background Thread 4 ] DEBUG FXGLAssetLoaderServi - Loading from file system: jar:file:///home/d/.m2/repository/com/github/almasb/fxgl/11.16/fxgl-11.16.jar!/fxglassets/ui/fonts/Abel-Regular.ttf
11:53:35.279 [FXGL Background Thread 4 ] DEBUG FXGLAssetLoaderServi - Loading from file system: jar:file:///home/d/.m2/repository/com/github/almasb/fxgl/11.16/fxgl-11.16.jar!/fxglassets/ui/fonts/lucida_console.ttf
11:53:35.281 [FXGL Background Thread 1 ] INFO  FXGLApplication      - FXGL initialization took: 0.324 sec
11:53:35.281 [FXGL Background Thread 4 ] DEBUG FXGLAssetLoaderServi - Loading from file system: jar:file:///home/d/.m2/repository/com/github/almasb/fxgl/11.16/fxgl-11.16.jar!/fxglassets/ui/fonts/Courier-Prime.ttf
11:53:35.291 [JavaFX Application Thread] DEBUG Input                - Registered new binding: Up - W
11:53:35.292 [JavaFX Application Thread] DEBUG Input                - Registered new binding: Down - S
11:53:35.292 [JavaFX Application Thread] DEBUG Input                - Registered new binding: Left - A
11:53:35.292 [JavaFX Application Thread] DEBUG Input                - Registered new binding: Right - D
11:53:35.293 [JavaFX Application Thread] DEBUG FXGLAssetLoaderServi - Loading from file system: jar:file:///home/d/.m2/repository/com/github/almasb/fxgl/11.16/fxgl-11.16.jar!/fxglassets/textures/fxgl_icon.png
11:53:35.320 [JavaFX Application Thread] DEBUG FXGLAssetLoaderServi - Loading from file system: jar:file:///home/d/.m2/repository/com/github/almasb/fxgl/11.16/fxgl-11.16.jar!/fxglassets/textures/fxgl_default_cursor.png
11:53:35.323 [JavaFX Application Thread] DEBUG Input                - Registered new binding: Screenshot - CTRL+8
11:53:35.324 [JavaFX Application Thread] DEBUG Input                - Registered new binding: System info dump - CTRL+9
11:53:35.324 [JavaFX Application Thread] DEBUG Input                - Registered new binding: Restart - CTRL+R
11:53:35.325 [JavaFX Application Thread] DEBUG Input                - Registered new binding: Toggle Debug Camera - CTRL+C
11:53:35.327 [JavaFX Application Thread] DEBUG LoopRunner           - Starting loop
11:53:35.327 [JavaFX Application Thread] DEBUG LoopRunner           - Initializing JavaFX AnimationTimerLoop
11:53:35.328 [JavaFX Application Thread] DEBUG GameApplicationServi - Starting new game
11:53:35.329 [JavaFX Application Thread] DEBUG Input                - Clearing active input actions
11:53:35.360 [JavaFX Application Thread] DEBUG GameApplicationServi - Removing overlay from FXGLStartupScene and adding to FXGLLoadingScene
11:53:35.360 [JavaFX Application Thread] DEBUG PrimaryStageWindow   - FXGLStartupScene -> FXGLLoadingScene
11:53:35.361 [JavaFX Application Thread] DEBUG GameApplicationServi - Clearing previous game
11:53:35.361 [JavaFX Application Thread] DEBUG GameScene            - Clearing game scene
11:53:35.361 [JavaFX Application Thread] DEBUG GameWorld            - Clearing game world
11:53:35.361 [JavaFX Application Thread] DEBUG PhysicsWorld         - Clearing physics world
11:53:35.363 [FXGL Background Thread 4 ] DEBUG FXGLApplication      - Initializing game
11:53:35.363 [JavaFX Application Thread] DEBUG FXGLApplication      - Registering font factories with UI factory
11:53:35.504 [FXGL Background Thread 4 ] INFO  FXGLApplication      - Game initialization took: 0.141 sec
11:53:35.514 [JavaFX Application Thread] DEBUG Input                - Clearing active input actions
11:53:35.530 [JavaFX Application Thread] DEBUG GameApplicationServi - Removing overlay from FXGLLoadingScene and adding to GameScene
11:53:35.530 [JavaFX Application Thread] DEBUG PrimaryStageWindow   - FXGLLoadingScene -> GameScene
11:53:35.873 [FXGL Background Thread 2 ] INFO  UpdaterService       - Your current version:  11.16
11:53:35.873 [FXGL Background Thread 2 ] INFO  UpdaterService       - Latest stable version: 11.17
11:53:38.267 [FXGL Background Thread 3 ] DEBUG Engine               - Logging environment variables
11:53:38.268 [FXGL Background Thread 3 ] DEBUG Engine               - achievements: []
11:53:38.268 [FXGL Background Thread 3 ] DEBUG Engine               - actualHeight: 728.0
11:53:38.269 [FXGL Background Thread 3 ] DEBUG Engine               - actualHeightProperty: ReadOnlyDoubleProperty [value: 728.0]
11:53:38.269 [FXGL Background Thread 3 ] DEBUG Engine               - actualWidth: 718.0
11:53:38.269 [FXGL Background Thread 3 ] DEBUG Engine               - actualWidthProperty: ReadOnlyDoubleProperty [value: 718.0]
11:53:38.270 [FXGL Background Thread 3 ] DEBUG Engine               - appIcon: fxgl_icon.png
11:53:38.270 [FXGL Background Thread 3 ] DEBUG Engine               - applicationMode: DEVELOPER
11:53:38.270 [FXGL Background Thread 3 ] DEBUG Engine               - cSSList: [fxgl_dark.css]
11:53:38.271 [FXGL Background Thread 3 ] DEBUG Engine               - collisionDetectionStrategy: BRUTE_FORCE
11:53:38.271 [FXGL Background Thread 3 ] DEBUG Engine               - configClass: Optional.empty
11:53:38.271 [FXGL Background Thread 3 ] DEBUG Engine               - credits: []
11:53:38.271 [FXGL Background Thread 3 ] DEBUG Engine               - defaultCursor: CursorInfo(imageName=fxgl_default_cursor.png, hotspotX=7.0, hotspotY=6.0)
11:53:38.272 [FXGL Background Thread 3 ] DEBUG Engine               - devBBoxColorProperty: ObjectProperty [value: 0xff0000ff]
11:53:38.272 [FXGL Background Thread 3 ] DEBUG Engine               - devEnableDebugCameraProperty: BooleanProperty [value: false]
11:53:38.272 [FXGL Background Thread 3 ] DEBUG Engine               - devSensorColorProperty: ObjectProperty [value: 0xffff00ff]
11:53:38.273 [FXGL Background Thread 3 ] DEBUG Engine               - devShowBBoxProperty: BooleanProperty [value: false]
11:53:38.273 [FXGL Background Thread 3 ] DEBUG Engine               - devShowPositionProperty: BooleanProperty [value: false]
11:53:38.273 [FXGL Background Thread 3 ] DEBUG Engine               - enabledMenuItems: []
11:53:38.273 [FXGL Background Thread 3 ] DEBUG Engine               - engineServices: [class com.almasb.fxgl.app.services.FXGLAssetLoaderService, class com.almasb.fxgl.app.FXGLApplication$GameApplicationService, class com.almasb.fxgl.app.services.FXGLDialogService, class com.almasb.fxgl.app.services.IOTaskExecutorService, class com.almasb.fxgl.io.FileSystemService, class com.almasb.fxgl.localization.LocalizationService, class com.almasb.fxgl.app.services.SystemBundleService, class com.almasb.fxgl.profile.SaveLoadService, class com.almasb.fxgl.ui.FXGLUIFactoryServiceProvider, class com.almasb.fxgl.ui.FXGLDialogFactoryServiceProvider, class com.almasb.fxgl.audio.AudioPlayer, class com.almasb.fxgl.notification.impl.NotificationServiceProvider, class com.almasb.fxgl.achievement.AchievementService, class com.almasb.fxgl.cutscene.CutsceneService, class com.almasb.fxgl.minigames.MiniGameService, class com.almasb.fxgl.net.NetService, class com.almasb.fxgl.app.services.UpdaterService, class com.almasb.fxgl.dev.DevService]
11:53:38.273 [FXGL Background Thread 3 ] DEBUG Engine               - fontGame: Abel-Regular.ttf
11:53:38.274 [FXGL Background Thread 3 ] DEBUG Engine               - fontMono: lucida_console.ttf
11:53:38.274 [FXGL Background Thread 3 ] DEBUG Engine               - fontText: Courier-Prime.ttf
11:53:38.274 [FXGL Background Thread 3 ] DEBUG Engine               - fontUI: VarelaRound-Regular.ttf
11:53:38.274 [FXGL Background Thread 3 ] DEBUG Engine               - fullScreen: BooleanProperty [value: false]
11:53:38.274 [FXGL Background Thread 3 ] DEBUG Engine               - gameDifficulty: MEDIUM
11:53:38.275 [FXGL Background Thread 3 ] DEBUG Engine               - gameDifficultyProperty: ObjectProperty [value: MEDIUM]
11:53:38.275 [FXGL Background Thread 3 ] DEBUG Engine               - globalMusicVolume: 0.5
11:53:38.275 [FXGL Background Thread 3 ] DEBUG Engine               - globalMusicVolumeProperty: DoubleProperty [value: 0.5]
11:53:38.275 [FXGL Background Thread 3 ] DEBUG Engine               - globalSoundVolume: 0.5
11:53:38.276 [FXGL Background Thread 3 ] DEBUG Engine               - globalSoundVolumeProperty: DoubleProperty [value: 0.5]
11:53:38.276 [FXGL Background Thread 3 ] DEBUG Engine               - height: 720
11:53:38.276 [FXGL Background Thread 3 ] DEBUG Engine               - is3D: false
11:53:38.276 [FXGL Background Thread 3 ] DEBUG Engine               - isAndroid: false
11:53:38.277 [FXGL Background Thread 3 ] DEBUG Engine               - isBrowser: false
11:53:38.277 [FXGL Background Thread 3 ] DEBUG Engine               - isClickFeedbackEnabled: false
11:53:38.277 [FXGL Background Thread 3 ] DEBUG Engine               - isCloseConfirmation: false
11:53:38.277 [FXGL Background Thread 3 ] DEBUG Engine               - isDesktop: true
11:53:38.277 [FXGL Background Thread 3 ] DEBUG Engine               - isDeveloperMenuEnabled: false
11:53:38.278 [FXGL Background Thread 3 ] DEBUG Engine               - isEntityPreloadEnabled: true
11:53:38.278 [FXGL Background Thread 3 ] DEBUG Engine               - isExperimentalTiledLargeMap: false
11:53:38.278 [FXGL Background Thread 3 ] DEBUG Engine               - isFileSystemWriteAllowed: true
11:53:38.278 [FXGL Background Thread 3 ] DEBUG Engine               - isFullScreenAllowed: false
11:53:38.279 [FXGL Background Thread 3 ] DEBUG Engine               - isFullScreenFromStart: false
11:53:38.279 [FXGL Background Thread 3 ] DEBUG Engine               - isGameMenuEnabled: true
11:53:38.279 [FXGL Background Thread 3 ] DEBUG Engine               - isIOS: false
11:53:38.279 [FXGL Background Thread 3 ] DEBUG Engine               - isIntroEnabled: false
11:53:38.279 [FXGL Background Thread 3 ] DEBUG Engine               - isLinux: true
11:53:38.280 [FXGL Background Thread 3 ] DEBUG Engine               - isMac: false
11:53:38.280 [FXGL Background Thread 3 ] DEBUG Engine               - isMainMenuEnabled: false
11:53:38.280 [FXGL Background Thread 3 ] DEBUG Engine               - isManualResizeEnabled: false
11:53:38.280 [FXGL Background Thread 3 ] DEBUG Engine               - isMobile: false
11:53:38.280 [FXGL Background Thread 3 ] DEBUG Engine               - isNative: false
11:53:38.281 [FXGL Background Thread 3 ] DEBUG Engine               - isPreserveResizeRatio: false
11:53:38.281 [FXGL Background Thread 3 ] DEBUG Engine               - isProfilingEnabled: false
11:53:38.281 [FXGL Background Thread 3 ] DEBUG Engine               - isScaleAffectedOnResize: true
11:53:38.282 [FXGL Background Thread 3 ] DEBUG Engine               - isSingleStep: false
11:53:38.282 [FXGL Background Thread 3 ] DEBUG Engine               - isUserProfileEnabled: false
11:53:38.282 [FXGL Background Thread 3 ] DEBUG Engine               - isWindows: false
11:53:38.282 [FXGL Background Thread 3 ] DEBUG Engine               - language: ObjectProperty [value: ENGLISH]
11:53:38.282 [FXGL Background Thread 3 ] DEBUG Engine               - menuKey: ESCAPE
11:53:38.283 [FXGL Background Thread 3 ] DEBUG Engine               - mouseSensitivity: 0.2
11:53:38.283 [FXGL Background Thread 3 ] DEBUG Engine               - notificationViewClass: class com.almasb.fxgl.notification.view.XboxNotificationView
11:53:38.283 [FXGL Background Thread 3 ] DEBUG Engine               - pixelsPerMeter: 50.0
11:53:38.283 [FXGL Background Thread 3 ] DEBUG Engine               - platform: LINUX
11:53:38.283 [FXGL Background Thread 3 ] DEBUG Engine               - prefHeightProperty: ReadOnlyDoubleProperty [value: 720.0]
11:53:38.284 [FXGL Background Thread 3 ] DEBUG Engine               - prefWidthProperty: ReadOnlyDoubleProperty [value: 720.0]
11:53:38.284 [FXGL Background Thread 3 ] DEBUG Engine               - profileDir: profiles/
11:53:38.284 [FXGL Background Thread 3 ] DEBUG Engine               - profileName: StringProperty [value: DEFAULT]
11:53:38.284 [FXGL Background Thread 3 ] DEBUG Engine               - randomSeed: -1
11:53:38.285 [FXGL Background Thread 3 ] DEBUG Engine               - runtimeInfo: RuntimeInfo(platform=LINUX, version=11.16, build=25.05.2021 08.16)
11:53:38.285 [FXGL Background Thread 3 ] DEBUG Engine               - saveFileExt: sav
11:53:38.285 [FXGL Background Thread 3 ] DEBUG Engine               - scaledHeightProp$fxgl: DoubleProperty [bound, value: 728.0]
11:53:38.285 [FXGL Background Thread 3 ] DEBUG Engine               - scaledWidthProp$fxgl: DoubleProperty [bound, value: 718.0]
11:53:38.285 [FXGL Background Thread 3 ] DEBUG Engine               - sceneFactory: com.almasb.fxgl.app.scene.SceneFactory@4c50f737
11:53:38.285 [FXGL Background Thread 3 ] DEBUG Engine               - secondsIn24h: 60
11:53:38.285 [FXGL Background Thread 3 ] DEBUG Engine               - soundMenuBack: menu/back.wav
11:53:38.285 [FXGL Background Thread 3 ] DEBUG Engine               - soundMenuPress: menu/press.wav
11:53:38.286 [FXGL Background Thread 3 ] DEBUG Engine               - soundMenuSelect: menu/select.wav
11:53:38.286 [FXGL Background Thread 3 ] DEBUG Engine               - soundNotification: core/notification.wav
11:53:38.286 [FXGL Background Thread 3 ] DEBUG Engine               - stageStyle: DECORATED
11:53:38.286 [FXGL Background Thread 3 ] DEBUG Engine               - supportedLanguages: [ENGLISH, FRENCH, GERMAN, HUNGARIAN, RUSSIAN]
11:53:38.286 [FXGL Background Thread 3 ] DEBUG Engine               - ticksPerSecond: -1
11:53:38.286 [FXGL Background Thread 3 ] DEBUG Engine               - title: Snake
11:53:38.286 [FXGL Background Thread 3 ] DEBUG Engine               - urlGithub: https://github.com/AlmasB/FXGL
11:53:38.286 [FXGL Background Thread 3 ] DEBUG Engine               - urlLeaderboard: http://fxgl-top.herokuapp.com/
11:53:38.286 [FXGL Background Thread 3 ] DEBUG Engine               - urlPOM: https://raw.githubusercontent.com/AlmasB/FXGL/release/README.md
11:53:38.287 [FXGL Background Thread 3 ] DEBUG Engine               - userAppClass: class com.game.snake.SnakeApplication
11:53:38.287 [FXGL Background Thread 3 ] DEBUG Engine               - version: 0.0
11:53:38.287 [FXGL Background Thread 3 ] DEBUG Engine               - versionCheckDays: 7
11:53:38.287 [FXGL Background Thread 3 ] DEBUG Engine               - width: 720
11:53:38.287 [FXGL Background Thread 3 ] DEBUG Engine               - Logging services
11:53:38.287 [FXGL Background Thread 3 ] DEBUG Engine               - class com.almasb.fxgl.app.services.FXGLAssetLoaderService
11:53:38.287 [FXGL Background Thread 3 ] DEBUG Engine               - class com.almasb.fxgl.app.FXGLApplication$GameApplicationService
11:53:38.287 [FXGL Background Thread 3 ] DEBUG Engine               - class com.almasb.fxgl.app.services.FXGLDialogService
11:53:38.288 [FXGL Background Thread 3 ] DEBUG Engine               - class com.almasb.fxgl.app.services.IOTaskExecutorService
11:53:38.288 [FXGL Background Thread 3 ] DEBUG Engine               - class com.almasb.fxgl.io.FileSystemService
11:53:38.288 [FXGL Background Thread 3 ] DEBUG Engine               - class com.almasb.fxgl.localization.LocalizationService
11:53:38.288 [FXGL Background Thread 3 ] DEBUG Engine               - class com.almasb.fxgl.app.services.SystemBundleService
11:53:38.288 [FXGL Background Thread 3 ] DEBUG Engine               - class com.almasb.fxgl.profile.SaveLoadService
11:53:38.288 [FXGL Background Thread 3 ] DEBUG Engine               - class com.almasb.fxgl.ui.FXGLUIFactoryServiceProvider
11:53:38.288 [FXGL Background Thread 3 ] DEBUG Engine               - class com.almasb.fxgl.ui.FXGLDialogFactoryServiceProvider
11:53:38.289 [FXGL Background Thread 3 ] DEBUG Engine               - class com.almasb.fxgl.audio.AudioPlayer
11:53:38.289 [FXGL Background Thread 3 ] DEBUG Engine               - class com.almasb.fxgl.notification.impl.NotificationServiceProvider
11:53:38.289 [FXGL Background Thread 3 ] DEBUG Engine               - class com.almasb.fxgl.achievement.AchievementService
11:53:38.289 [FXGL Background Thread 3 ] DEBUG Engine               - class com.almasb.fxgl.cutscene.CutsceneService
11:53:38.289 [FXGL Background Thread 3 ] DEBUG Engine               - class com.almasb.fxgl.minigames.MiniGameService
11:53:38.289 [FXGL Background Thread 3 ] DEBUG Engine               - class com.almasb.fxgl.net.NetService
11:53:38.290 [FXGL Background Thread 3 ] DEBUG Engine               - class com.almasb.fxgl.app.services.UpdaterService
11:53:38.290 [FXGL Background Thread 3 ] DEBUG Engine               - class com.almasb.fxgl.dev.DevService
11:54:18.717 [JavaFX Application Thread] DEBUG PrimaryStageWindow   - Push state: DialogSubScene
11:54:18.717 [JavaFX Application Thread] DEBUG Input                - Clearing active input actions
11:54:18.719 [JavaFX Application Thread] DEBUG GameApplicationServi - Removing overlay from GameScene and adding to DialogSubScene
11:54:18.719 [JavaFX Application Thread] DEBUG PrimaryStageWindow   - GameScene -> DialogSubScene
11:54:24.474 [JavaFX Application Thread] DEBUG PrimaryStageWindow   - Pop state: DialogSubScene
11:54:24.474 [JavaFX Application Thread] DEBUG Input                - Clearing active input actions
11:54:24.475 [JavaFX Application Thread] DEBUG GameApplicationServi - Removing overlay from DialogSubScene and adding to GameScene
11:54:24.475 [JavaFX Application Thread] DEBUG PrimaryStageWindow   - GameScene <- DialogSubScene
11:54:24.475 [JavaFX Application Thread] DEBUG FXGLApplication      - Exiting FXGL
11:54:24.475 [JavaFX Application Thread] DEBUG LoopRunner           - Stopping loop
11:54:24.475 [JavaFX Application Thread] DEBUG SystemBundleService  - Saving FXGL system data
11:54:24.476 [JavaFX Application Thread] DEBUG FileSystemAccess     - Writing to: /home/d/IdeaProjects/Snake/system/fxgl.bundle
11:54:24.477 [JavaFX Application Thread] DEBUG Async                - Shutting down background threads
11:54:24.478 [JavaFX Application Thread] DEBUG PrimaryStageWindow   - Closing main window
11:54:24.480 [JavaFX Application Thread] DEBUG Logger               - Closing Logger
