21:55:45.332 [main                     ] DEBUG Logger               - Configured Logger
21:55:45.343 [main                     ] DEBUG GameApplication      - Logging settings
Title: Snake
Version: 0.0
Width: 720
Height: 720
Fullscreen: false
Intro: false
Profiling: false
Single step:false
App Mode: DEVELOPER
Menu Key: ESCAPE
Stage Style: DECORATED
Scene Factory: class com.almasb.fxgl.app.scene.SceneFactory

21:55:45.605 [JavaFX Application Thread] DEBUG FXGLApplication      - Initializing FXGL
21:55:45.606 [JavaFX Application Thread] INFO  Engine               - FXGL-11.16 (25.05.2021 08.16) on LINUX (J:16.0.1 FX:16)
21:55:45.606 [JavaFX Application Thread] DEBUG Engine               - JRE Vendor Name: Azul Systems, Inc.
21:55:45.607 [JavaFX Application Thread] DEBUG Engine               - Running on OS: Linux version 5.8.0-59-generic
21:55:45.607 [JavaFX Application Thread] DEBUG Engine               - Architecture: amd64
21:55:45.607 [JavaFX Application Thread] INFO  Engine               - Source code and latest versions at: https://github.com/AlmasB/FXGL
21:55:45.607 [JavaFX Application Thread] INFO  Engine               -              Join the FXGL chat at: https://gitter.im/AlmasB/FXGL
21:55:45.676 [JavaFX Application Thread] DEBUG PrimaryStageWindow   - Creating a JavaFX scene
21:55:45.733 [JavaFX Application Thread] DEBUG PrimaryStageWindow   - Target settings size: 720.0 x 720.0
21:55:45.733 [JavaFX Application Thread] DEBUG PrimaryStageWindow   - Scaled scene size:    720.0 x 720.0
21:55:45.733 [JavaFX Application Thread] DEBUG PrimaryStageWindow   - Scaled ratio: (1.0, 1.0)
21:55:45.734 [JavaFX Application Thread] DEBUG PrimaryStageWindow   - Set initial scene to FXGLStartupScene
21:55:45.738 [JavaFX Application Thread] DEBUG PrimaryStageWindow   - Opening main window
21:55:45.769 [JavaFX Application Thread] DEBUG PrimaryStageWindow   - Window border size: (2.0, 29.0)
21:55:45.770 [JavaFX Application Thread] DEBUG PrimaryStageWindow   - Scaled size: 720.0 x 720.0
21:55:45.770 [JavaFX Application Thread] DEBUG PrimaryStageWindow   - Scaled ratio: (1.0, 1.0)
21:55:45.771 [JavaFX Application Thread] DEBUG PrimaryStageWindow   - Scene size: 720.0 x 720.0
21:55:45.771 [JavaFX Application Thread] DEBUG PrimaryStageWindow   - Stage size: 722.0 x 749.0
21:55:45.778 [FXGL Background Thread 1 ] DEBUG Engine               - Initializing environment variables
21:55:45.817 [FXGL Background Thread 1 ] DEBUG FXGLAssetLoaderServi - User app class for loading assets: class com.game.snake.SnakeApplication
21:55:45.818 [FXGL Background Thread 1 ] DEBUG GameApplicationServi - Applying CSS: fxgl_dark.css
21:55:45.820 [FXGL Background Thread 1 ] DEBUG FXGLAssetLoaderServi - Loading from file system: jar:file:///home/d/.m2/repository/com/github/almasb/fxgl/11.16/fxgl-11.16.jar!/fxglassets/ui/css/fxgl_dark.css
21:55:45.879 [FXGL Background Thread 1 ] DEBUG GameApplicationServi - Initializing application scenes
21:55:45.925 [FXGL Background Thread 1 ] DEBUG GameWorld            - Game world initialized
21:55:45.970 [FXGL Background Thread 1 ] DEBUG PhysicsWorld         - Physics world initialized: appHeight=720, physics.ppm=50.0
21:55:45.970 [FXGL Background Thread 1 ] DEBUG PhysicsWorld         - Using strategy: BRUTE_FORCE
21:55:45.973 [FXGL Background Thread 1 ] DEBUG GameScene            - Game scene initialized: 720x720
21:55:45.981 [FXGL Background Thread 1 ] WARN  FXGL.DefaultMenu     - FXGLDefaultMenu is not designed for resolutions < 800x600
21:55:45.981 [FXGL Background Thread 1 ] DEBUG FXGL.DefaultMenu     - createMenuBodyGameMenu()
21:55:45.993 [FXGL Background Thread 1 ] DEBUG FXGL.DefaultMenu     - createOptionsMenu()
21:55:46.003 [FXGL Background Thread 1 ] DEBUG FXGLAssetLoaderServi - Loading from file system: jar:file:///home/d/.m2/repository/com/github/almasb/fxgl/11.16/fxgl-11.16.jar!/fxglassets/textures/particles/smoke.png
21:55:46.081 [FXGL Background Thread 1 ] DEBUG FXGLAssetLoaderServi - Loading from file system: jar:file:///home/d/.m2/repository/com/github/almasb/fxgl/11.16/fxgl-11.16.jar!/fxglassets/textures/particles/trace_horizontal.png
21:55:46.133 [FXGL Background Thread 1 ] DEBUG GameApplicationServi - Application scenes initialized
21:55:46.142 [FXGL Background Thread 1 ] DEBUG SystemBundleService  - Loading FXGL system data
21:55:46.145 [FXGL Background Thread 1 ] DEBUG FileSystemAccess     - Reading from: /home/d/IdeaProjects/Snake/system/fxgl.bundle
21:55:46.152 [FXGL Background Thread 1 ] DEBUG SystemBundleService  - Bundle FXGL: {}
21:55:46.152 [FXGL Background Thread 1 ] DEBUG UpdaterService       - Checking for updates
21:55:46.155 [FXGL Background Thread 4 ] DEBUG FXGLApplication      - Loading fonts
21:55:46.156 [FXGL Background Thread 1 ] DEBUG FXGLApplication      - Loading default localization
21:55:46.156 [FXGL Background Thread 4 ] DEBUG FXGLAssetLoaderServi - Loading from file system: jar:file:///home/d/.m2/repository/com/github/almasb/fxgl/11.16/fxgl-11.16.jar!/fxglassets/ui/fonts/VarelaRound-Regular.ttf
21:55:46.156 [FXGL Background Thread 1 ] DEBUG FXGLAssetLoaderServi - Loading from file system: jar:file:///home/d/.m2/repository/com/github/almasb/fxgl/11.16/fxgl-11.16.jar!/fxglassets/languages/english.lang
21:55:46.164 [FXGL Background Thread 4 ] DEBUG FXGLAssetLoaderServi - Loading from file system: jar:file:///home/d/.m2/repository/com/github/almasb/fxgl/11.16/fxgl-11.16.jar!/fxglassets/ui/fonts/Abel-Regular.ttf
21:55:46.166 [FXGL Background Thread 1 ] INFO  FXGLApplication      - FXGL initialization took: 0.388 sec
21:55:46.166 [FXGL Background Thread 4 ] DEBUG FXGLAssetLoaderServi - Loading from file system: jar:file:///home/d/.m2/repository/com/github/almasb/fxgl/11.16/fxgl-11.16.jar!/fxglassets/ui/fonts/lucida_console.ttf
21:55:46.169 [FXGL Background Thread 4 ] DEBUG FXGLAssetLoaderServi - Loading from file system: jar:file:///home/d/.m2/repository/com/github/almasb/fxgl/11.16/fxgl-11.16.jar!/fxglassets/ui/fonts/Courier-Prime.ttf
21:55:46.173 [JavaFX Application Thread] DEBUG Input                - Registered new binding: Up - W
21:55:46.173 [JavaFX Application Thread] DEBUG Input                - Registered new binding: Down - S
21:55:46.173 [JavaFX Application Thread] DEBUG Input                - Registered new binding: Left - A
21:55:46.173 [JavaFX Application Thread] DEBUG Input                - Registered new binding: Right - D
21:55:46.174 [JavaFX Application Thread] DEBUG FXGLAssetLoaderServi - Loading from file system: jar:file:///home/d/.m2/repository/com/github/almasb/fxgl/11.16/fxgl-11.16.jar!/fxglassets/textures/fxgl_icon.png
21:55:46.194 [JavaFX Application Thread] DEBUG FXGLAssetLoaderServi - Loading from file system: jar:file:///home/d/.m2/repository/com/github/almasb/fxgl/11.16/fxgl-11.16.jar!/fxglassets/textures/fxgl_default_cursor.png
21:55:46.196 [JavaFX Application Thread] DEBUG Input                - Registered new binding: Screenshot - CTRL+8
21:55:46.197 [JavaFX Application Thread] DEBUG Input                - Registered new binding: System info dump - CTRL+9
21:55:46.197 [JavaFX Application Thread] DEBUG Input                - Registered new binding: Restart - CTRL+R
21:55:46.198 [JavaFX Application Thread] DEBUG Input                - Registered new binding: Toggle Debug Camera - CTRL+C
21:55:46.200 [JavaFX Application Thread] DEBUG LoopRunner           - Starting loop
21:55:46.200 [JavaFX Application Thread] DEBUG LoopRunner           - Initializing JavaFX AnimationTimerLoop
21:55:46.202 [JavaFX Application Thread] DEBUG GameApplicationServi - Starting new game
21:55:46.203 [JavaFX Application Thread] DEBUG Input                - Clearing active input actions
21:55:46.211 [JavaFX Application Thread] DEBUG GameApplicationServi - Removing overlay from FXGLStartupScene and adding to FXGLLoadingScene
21:55:46.211 [JavaFX Application Thread] DEBUG PrimaryStageWindow   - FXGLStartupScene -> FXGLLoadingScene
21:55:46.212 [JavaFX Application Thread] DEBUG GameApplicationServi - Clearing previous game
21:55:46.212 [JavaFX Application Thread] DEBUG GameScene            - Clearing game scene
21:55:46.212 [JavaFX Application Thread] DEBUG GameWorld            - Clearing game world
21:55:46.212 [JavaFX Application Thread] DEBUG PhysicsWorld         - Clearing physics world
21:55:46.213 [FXGL Background Thread 4 ] DEBUG FXGLApplication      - Initializing game
21:55:46.213 [JavaFX Application Thread] DEBUG FXGLApplication      - Registering font factories with UI factory
21:55:46.247 [FXGL Background Thread 4 ] INFO  FXGLApplication      - Game initialization took: 0.034 sec
21:55:46.325 [JavaFX Application Thread] DEBUG Input                - Clearing active input actions
21:55:46.336 [JavaFX Application Thread] DEBUG GameApplicationServi - Removing overlay from FXGLLoadingScene and adding to GameScene
21:55:46.336 [JavaFX Application Thread] DEBUG PrimaryStageWindow   - FXGLLoadingScene -> GameScene
21:55:49.155 [FXGL Background Thread 3 ] DEBUG Engine               - Logging environment variables
21:55:49.156 [FXGL Background Thread 3 ] DEBUG Engine               - achievements: []
21:55:49.156 [FXGL Background Thread 3 ] DEBUG Engine               - actualHeight: 728.0
21:55:49.157 [FXGL Background Thread 3 ] DEBUG Engine               - actualHeightProperty: ReadOnlyDoubleProperty [value: 728.0]
21:55:49.158 [FXGL Background Thread 3 ] DEBUG Engine               - actualWidth: 718.0
21:55:49.158 [FXGL Background Thread 3 ] DEBUG Engine               - actualWidthProperty: ReadOnlyDoubleProperty [value: 718.0]
21:55:49.158 [FXGL Background Thread 3 ] DEBUG Engine               - appIcon: fxgl_icon.png
21:55:49.159 [FXGL Background Thread 3 ] DEBUG Engine               - applicationMode: DEVELOPER
21:55:49.159 [FXGL Background Thread 3 ] DEBUG Engine               - cSSList: [fxgl_dark.css]
21:55:49.160 [FXGL Background Thread 3 ] DEBUG Engine               - collisionDetectionStrategy: BRUTE_FORCE
21:55:49.160 [FXGL Background Thread 3 ] DEBUG Engine               - configClass: Optional.empty
21:55:49.160 [FXGL Background Thread 3 ] DEBUG Engine               - credits: []
21:55:49.160 [FXGL Background Thread 3 ] DEBUG Engine               - defaultCursor: CursorInfo(imageName=fxgl_default_cursor.png, hotspotX=7.0, hotspotY=6.0)
21:55:49.161 [FXGL Background Thread 3 ] DEBUG Engine               - devBBoxColorProperty: ObjectProperty [value: 0xff0000ff]
21:55:49.161 [FXGL Background Thread 3 ] DEBUG Engine               - devEnableDebugCameraProperty: BooleanProperty [value: false]
21:55:49.161 [FXGL Background Thread 3 ] DEBUG Engine               - devSensorColorProperty: ObjectProperty [value: 0xffff00ff]
21:55:49.161 [FXGL Background Thread 3 ] DEBUG Engine               - devShowBBoxProperty: BooleanProperty [value: false]
21:55:49.162 [FXGL Background Thread 3 ] DEBUG Engine               - devShowPositionProperty: BooleanProperty [value: false]
21:55:49.162 [FXGL Background Thread 3 ] DEBUG Engine               - enabledMenuItems: []
21:55:49.162 [FXGL Background Thread 3 ] DEBUG Engine               - engineServices: [class com.almasb.fxgl.app.services.FXGLAssetLoaderService, class com.almasb.fxgl.app.FXGLApplication$GameApplicationService, class com.almasb.fxgl.app.services.FXGLDialogService, class com.almasb.fxgl.app.services.IOTaskExecutorService, class com.almasb.fxgl.io.FileSystemService, class com.almasb.fxgl.localization.LocalizationService, class com.almasb.fxgl.app.services.SystemBundleService, class com.almasb.fxgl.profile.SaveLoadService, class com.almasb.fxgl.ui.FXGLUIFactoryServiceProvider, class com.almasb.fxgl.ui.FXGLDialogFactoryServiceProvider, class com.almasb.fxgl.audio.AudioPlayer, class com.almasb.fxgl.notification.impl.NotificationServiceProvider, class com.almasb.fxgl.achievement.AchievementService, class com.almasb.fxgl.cutscene.CutsceneService, class com.almasb.fxgl.minigames.MiniGameService, class com.almasb.fxgl.net.NetService, class com.almasb.fxgl.app.services.UpdaterService, class com.almasb.fxgl.dev.DevService]
21:55:49.162 [FXGL Background Thread 3 ] DEBUG Engine               - fontGame: Abel-Regular.ttf
21:55:49.162 [FXGL Background Thread 3 ] DEBUG Engine               - fontMono: lucida_console.ttf
21:55:49.163 [FXGL Background Thread 3 ] DEBUG Engine               - fontText: Courier-Prime.ttf
21:55:49.163 [FXGL Background Thread 3 ] DEBUG Engine               - fontUI: VarelaRound-Regular.ttf
21:55:49.163 [FXGL Background Thread 3 ] DEBUG Engine               - fullScreen: BooleanProperty [value: false]
21:55:49.163 [FXGL Background Thread 3 ] DEBUG Engine               - gameDifficulty: MEDIUM
21:55:49.164 [FXGL Background Thread 3 ] DEBUG Engine               - gameDifficultyProperty: ObjectProperty [value: MEDIUM]
21:55:49.164 [FXGL Background Thread 3 ] DEBUG Engine               - globalMusicVolume: 0.5
21:55:49.165 [FXGL Background Thread 3 ] DEBUG Engine               - globalMusicVolumeProperty: DoubleProperty [value: 0.5]
21:55:49.166 [FXGL Background Thread 3 ] DEBUG Engine               - globalSoundVolume: 0.5
21:55:49.166 [FXGL Background Thread 3 ] DEBUG Engine               - globalSoundVolumeProperty: DoubleProperty [value: 0.5]
21:55:49.166 [FXGL Background Thread 3 ] DEBUG Engine               - height: 720
21:55:49.167 [FXGL Background Thread 3 ] DEBUG Engine               - is3D: false
21:55:49.167 [FXGL Background Thread 3 ] DEBUG Engine               - isAndroid: false
21:55:49.167 [FXGL Background Thread 3 ] DEBUG Engine               - isBrowser: false
21:55:49.167 [FXGL Background Thread 3 ] DEBUG Engine               - isClickFeedbackEnabled: false
21:55:49.168 [FXGL Background Thread 3 ] DEBUG Engine               - isCloseConfirmation: false
21:55:49.168 [FXGL Background Thread 3 ] DEBUG Engine               - isDesktop: true
21:55:49.169 [FXGL Background Thread 3 ] DEBUG Engine               - isDeveloperMenuEnabled: false
21:55:49.169 [FXGL Background Thread 3 ] DEBUG Engine               - isEntityPreloadEnabled: true
21:55:49.169 [FXGL Background Thread 3 ] DEBUG Engine               - isExperimentalTiledLargeMap: false
21:55:49.169 [FXGL Background Thread 3 ] DEBUG Engine               - isFileSystemWriteAllowed: true
21:55:49.169 [FXGL Background Thread 3 ] DEBUG Engine               - isFullScreenAllowed: false
21:55:49.169 [FXGL Background Thread 3 ] DEBUG Engine               - isFullScreenFromStart: false
21:55:49.170 [FXGL Background Thread 3 ] DEBUG Engine               - isGameMenuEnabled: true
21:55:49.170 [FXGL Background Thread 3 ] DEBUG Engine               - isIOS: false
21:55:49.170 [FXGL Background Thread 3 ] DEBUG Engine               - isIntroEnabled: false
21:55:49.170 [FXGL Background Thread 3 ] DEBUG Engine               - isLinux: true
21:55:49.170 [FXGL Background Thread 3 ] DEBUG Engine               - isMac: false
21:55:49.171 [FXGL Background Thread 3 ] DEBUG Engine               - isMainMenuEnabled: false
21:55:49.171 [FXGL Background Thread 3 ] DEBUG Engine               - isManualResizeEnabled: false
21:55:49.171 [FXGL Background Thread 3 ] DEBUG Engine               - isMobile: false
21:55:49.171 [FXGL Background Thread 3 ] DEBUG Engine               - isNative: false
21:55:49.171 [FXGL Background Thread 3 ] DEBUG Engine               - isPreserveResizeRatio: false
21:55:49.171 [FXGL Background Thread 3 ] DEBUG Engine               - isProfilingEnabled: false
21:55:49.171 [FXGL Background Thread 3 ] DEBUG Engine               - isScaleAffectedOnResize: true
21:55:49.171 [FXGL Background Thread 3 ] DEBUG Engine               - isSingleStep: false
21:55:49.171 [FXGL Background Thread 3 ] DEBUG Engine               - isUserProfileEnabled: false
21:55:49.172 [FXGL Background Thread 3 ] DEBUG Engine               - isWindows: false
21:55:49.172 [FXGL Background Thread 3 ] DEBUG Engine               - language: ObjectProperty [value: ENGLISH]
21:55:49.172 [FXGL Background Thread 3 ] DEBUG Engine               - menuKey: ESCAPE
21:55:49.172 [FXGL Background Thread 3 ] DEBUG Engine               - mouseSensitivity: 0.2
21:55:49.172 [FXGL Background Thread 3 ] DEBUG Engine               - notificationViewClass: class com.almasb.fxgl.notification.view.XboxNotificationView
21:55:49.172 [FXGL Background Thread 3 ] DEBUG Engine               - pixelsPerMeter: 50.0
21:55:49.172 [FXGL Background Thread 3 ] DEBUG Engine               - platform: LINUX
21:55:49.172 [FXGL Background Thread 3 ] DEBUG Engine               - prefHeightProperty: ReadOnlyDoubleProperty [value: 720.0]
21:55:49.172 [FXGL Background Thread 3 ] DEBUG Engine               - prefWidthProperty: ReadOnlyDoubleProperty [value: 720.0]
21:55:49.173 [FXGL Background Thread 3 ] DEBUG Engine               - profileDir: profiles/
21:55:49.173 [FXGL Background Thread 3 ] DEBUG Engine               - profileName: StringProperty [value: DEFAULT]
21:55:49.173 [FXGL Background Thread 3 ] DEBUG Engine               - randomSeed: -1
21:55:49.173 [FXGL Background Thread 3 ] DEBUG Engine               - runtimeInfo: RuntimeInfo(platform=LINUX, version=11.16, build=25.05.2021 08.16)
21:55:49.173 [FXGL Background Thread 3 ] DEBUG Engine               - saveFileExt: sav
21:55:49.173 [FXGL Background Thread 3 ] DEBUG Engine               - scaledHeightProp$fxgl: DoubleProperty [bound, value: 728.0]
21:55:49.173 [FXGL Background Thread 3 ] DEBUG Engine               - scaledWidthProp$fxgl: DoubleProperty [bound, value: 718.0]
21:55:49.173 [FXGL Background Thread 3 ] DEBUG Engine               - sceneFactory: com.almasb.fxgl.app.scene.SceneFactory@3ff0288a
21:55:49.173 [FXGL Background Thread 3 ] DEBUG Engine               - secondsIn24h: 60
21:55:49.174 [FXGL Background Thread 3 ] DEBUG Engine               - soundMenuBack: menu/back.wav
21:55:49.174 [FXGL Background Thread 3 ] DEBUG Engine               - soundMenuPress: menu/press.wav
21:55:49.174 [FXGL Background Thread 3 ] DEBUG Engine               - soundMenuSelect: menu/select.wav
21:55:49.174 [FXGL Background Thread 3 ] DEBUG Engine               - soundNotification: core/notification.wav
21:55:49.174 [FXGL Background Thread 3 ] DEBUG Engine               - stageStyle: DECORATED
21:55:49.174 [FXGL Background Thread 3 ] DEBUG Engine               - supportedLanguages: [ENGLISH, FRENCH, GERMAN, HUNGARIAN, RUSSIAN]
21:55:49.174 [FXGL Background Thread 3 ] DEBUG Engine               - ticksPerSecond: -1
21:55:49.174 [FXGL Background Thread 3 ] DEBUG Engine               - title: Snake
21:55:49.174 [FXGL Background Thread 3 ] DEBUG Engine               - urlGithub: https://github.com/AlmasB/FXGL
21:55:49.175 [FXGL Background Thread 3 ] DEBUG Engine               - urlLeaderboard: http://fxgl-top.herokuapp.com/
21:55:49.175 [FXGL Background Thread 3 ] DEBUG Engine               - urlPOM: https://raw.githubusercontent.com/AlmasB/FXGL/release/README.md
21:55:49.175 [FXGL Background Thread 3 ] DEBUG Engine               - userAppClass: class com.game.snake.SnakeApplication
21:55:49.175 [FXGL Background Thread 3 ] DEBUG Engine               - version: 0.0
21:55:49.175 [FXGL Background Thread 3 ] DEBUG Engine               - versionCheckDays: 7
21:55:49.175 [FXGL Background Thread 3 ] DEBUG Engine               - width: 720
21:55:49.176 [FXGL Background Thread 3 ] DEBUG Engine               - Logging services
21:55:49.176 [FXGL Background Thread 3 ] DEBUG Engine               - class com.almasb.fxgl.app.services.FXGLAssetLoaderService
21:55:49.176 [FXGL Background Thread 3 ] DEBUG Engine               - class com.almasb.fxgl.app.FXGLApplication$GameApplicationService
21:55:49.176 [FXGL Background Thread 3 ] DEBUG Engine               - class com.almasb.fxgl.app.services.FXGLDialogService
21:55:49.176 [FXGL Background Thread 3 ] DEBUG Engine               - class com.almasb.fxgl.app.services.IOTaskExecutorService
21:55:49.176 [FXGL Background Thread 3 ] DEBUG Engine               - class com.almasb.fxgl.io.FileSystemService
21:55:49.176 [FXGL Background Thread 3 ] DEBUG Engine               - class com.almasb.fxgl.localization.LocalizationService
21:55:49.176 [FXGL Background Thread 3 ] DEBUG Engine               - class com.almasb.fxgl.app.services.SystemBundleService
21:55:49.176 [FXGL Background Thread 3 ] DEBUG Engine               - class com.almasb.fxgl.profile.SaveLoadService
21:55:49.176 [FXGL Background Thread 3 ] DEBUG Engine               - class com.almasb.fxgl.ui.FXGLUIFactoryServiceProvider
21:55:49.177 [FXGL Background Thread 3 ] DEBUG Engine               - class com.almasb.fxgl.ui.FXGLDialogFactoryServiceProvider
21:55:49.177 [FXGL Background Thread 3 ] DEBUG Engine               - class com.almasb.fxgl.audio.AudioPlayer
21:55:49.177 [FXGL Background Thread 3 ] DEBUG Engine               - class com.almasb.fxgl.notification.impl.NotificationServiceProvider
21:55:49.177 [FXGL Background Thread 3 ] DEBUG Engine               - class com.almasb.fxgl.achievement.AchievementService
21:55:49.177 [FXGL Background Thread 3 ] DEBUG Engine               - class com.almasb.fxgl.cutscene.CutsceneService
21:55:49.177 [FXGL Background Thread 3 ] DEBUG Engine               - class com.almasb.fxgl.minigames.MiniGameService
21:55:49.177 [FXGL Background Thread 3 ] DEBUG Engine               - class com.almasb.fxgl.net.NetService
21:55:49.177 [FXGL Background Thread 3 ] DEBUG Engine               - class com.almasb.fxgl.app.services.UpdaterService
21:55:49.177 [FXGL Background Thread 3 ] DEBUG Engine               - class com.almasb.fxgl.dev.DevService
21:56:03.069 [JavaFX Application Thread] DEBUG FXGLApplication      - Exiting FXGL
21:56:03.070 [JavaFX Application Thread] DEBUG LoopRunner           - Stopping loop
21:56:03.070 [JavaFX Application Thread] DEBUG SystemBundleService  - Saving FXGL system data
21:56:03.077 [JavaFX Application Thread] DEBUG FileSystemAccess     - Writing to: /home/d/IdeaProjects/Snake/system/fxgl.bundle
21:56:03.078 [JavaFX Application Thread] DEBUG Async                - Shutting down background threads
21:56:03.078 [JavaFX Application Thread] DEBUG PrimaryStageWindow   - Closing main window
21:56:03.081 [JavaFX Application Thread] DEBUG Logger               - Closing Logger
