18:26:59.228 [main                     ] DEBUG Logger               - Configured Logger
18:26:59.248 [main                     ] DEBUG GameApplication      - Logging settings
Title: Snake
Version: 0.0
Width: 700
Height: 700
Fullscreen: false
Intro: false
Profiling: false
Single step:false
App Mode: DEVELOPER
Menu Key: ESCAPE
Stage Style: DECORATED
Scene Factory: class com.almasb.fxgl.app.scene.SceneFactory

18:26:59.621 [JavaFX Application Thread] DEBUG FXGLApplication      - Initializing FXGL
18:26:59.624 [JavaFX Application Thread] INFO  Engine               - FXGL-11.16 (25.05.2021 08.16) on LINUX (J:16.0.1 FX:16)
18:26:59.624 [JavaFX Application Thread] DEBUG Engine               - JRE Vendor Name: Azul Systems, Inc.
18:26:59.625 [JavaFX Application Thread] DEBUG Engine               - Running on OS: Linux version 5.8.0-59-generic
18:26:59.625 [JavaFX Application Thread] DEBUG Engine               - Architecture: amd64
18:26:59.625 [JavaFX Application Thread] INFO  Engine               - Source code and latest versions at: https://github.com/AlmasB/FXGL
18:26:59.626 [JavaFX Application Thread] INFO  Engine               -              Join the FXGL chat at: https://gitter.im/AlmasB/FXGL
18:26:59.737 [JavaFX Application Thread] DEBUG PrimaryStageWindow   - Creating a JavaFX scene
18:26:59.819 [JavaFX Application Thread] DEBUG PrimaryStageWindow   - Target settings size: 700.0 x 700.0
18:26:59.819 [JavaFX Application Thread] DEBUG PrimaryStageWindow   - Scaled scene size:    700.0 x 700.0
18:26:59.820 [JavaFX Application Thread] DEBUG PrimaryStageWindow   - Scaled ratio: (1.0, 1.0)
18:26:59.821 [JavaFX Application Thread] DEBUG PrimaryStageWindow   - Set initial scene to FXGLStartupScene
18:26:59.827 [JavaFX Application Thread] DEBUG PrimaryStageWindow   - Opening main window
18:26:59.875 [JavaFX Application Thread] DEBUG PrimaryStageWindow   - Window border size: (2.0, 29.0)
18:26:59.876 [JavaFX Application Thread] DEBUG PrimaryStageWindow   - Scaled size: 700.0 x 700.0
18:26:59.876 [JavaFX Application Thread] DEBUG PrimaryStageWindow   - Scaled ratio: (1.0, 1.0)
18:26:59.876 [JavaFX Application Thread] DEBUG PrimaryStageWindow   - Scene size: 700.0 x 700.0
18:26:59.876 [JavaFX Application Thread] DEBUG PrimaryStageWindow   - Stage size: 702.0 x 729.0
18:26:59.885 [FXGL Background Thread 1 ] DEBUG Engine               - Initializing environment variables
18:26:59.929 [FXGL Background Thread 1 ] DEBUG FXGLAssetLoaderServi - User app class for loading assets: class com.game.snake.SnakeApplication
18:26:59.929 [FXGL Background Thread 1 ] DEBUG GameApplicationServi - Applying CSS: fxgl_dark.css
18:26:59.931 [FXGL Background Thread 1 ] DEBUG FXGLAssetLoaderServi - Loading from file system: jar:file:///home/d/.m2/repository/com/github/almasb/fxgl/11.16/fxgl-11.16.jar!/fxglassets/ui/css/fxgl_dark.css
18:27:00.016 [FXGL Background Thread 1 ] DEBUG GameApplicationServi - Initializing application scenes
18:27:00.067 [FXGL Background Thread 1 ] DEBUG GameWorld            - Game world initialized
18:27:00.135 [FXGL Background Thread 1 ] DEBUG PhysicsWorld         - Physics world initialized: appHeight=700, physics.ppm=50.0
18:27:00.136 [FXGL Background Thread 1 ] DEBUG PhysicsWorld         - Using strategy: BRUTE_FORCE
18:27:00.139 [FXGL Background Thread 1 ] DEBUG GameScene            - Game scene initialized: 700x700
18:27:00.149 [FXGL Background Thread 1 ] WARN  FXGL.DefaultMenu     - FXGLDefaultMenu is not designed for resolutions < 800x600
18:27:00.149 [FXGL Background Thread 1 ] DEBUG FXGL.DefaultMenu     - createMenuBodyGameMenu()
18:27:00.159 [FXGL Background Thread 1 ] DEBUG FXGL.DefaultMenu     - createOptionsMenu()
18:27:00.165 [FXGL Background Thread 1 ] DEBUG FXGLAssetLoaderServi - Loading from file system: jar:file:///home/d/.m2/repository/com/github/almasb/fxgl/11.16/fxgl-11.16.jar!/fxglassets/textures/particles/smoke.png
18:27:00.259 [FXGL Background Thread 1 ] DEBUG FXGLAssetLoaderServi - Loading from file system: jar:file:///home/d/.m2/repository/com/github/almasb/fxgl/11.16/fxgl-11.16.jar!/fxglassets/textures/particles/trace_horizontal.png
18:27:00.283 [FXGL Background Thread 1 ] DEBUG GameApplicationServi - Application scenes initialized
18:27:00.291 [FXGL Background Thread 1 ] DEBUG SystemBundleService  - Loading FXGL system data
18:27:00.293 [FXGL Background Thread 1 ] WARN  SystemBundleService  - Failed to load: java.io.FileNotFoundException: /home/d/IdeaProjects/Snake/system/fxgl.bundle (No such file or directory)
18:27:00.293 [FXGL Background Thread 1 ] DEBUG SystemBundleService  - Loading default FXGL system data
18:27:00.294 [FXGL Background Thread 1 ] DEBUG UpdaterService       - Checking for updates
18:27:00.297 [FXGL Background Thread 4 ] DEBUG FXGLApplication      - Loading fonts
18:27:00.297 [FXGL Background Thread 1 ] DEBUG FXGLApplication      - Loading default localization
18:27:00.298 [FXGL Background Thread 4 ] DEBUG FXGLAssetLoaderServi - Loading from file system: jar:file:///home/d/.m2/repository/com/github/almasb/fxgl/11.16/fxgl-11.16.jar!/fxglassets/ui/fonts/VarelaRound-Regular.ttf
18:27:00.298 [FXGL Background Thread 1 ] DEBUG FXGLAssetLoaderServi - Loading from file system: jar:file:///home/d/.m2/repository/com/github/almasb/fxgl/11.16/fxgl-11.16.jar!/fxglassets/languages/english.lang
18:27:00.307 [FXGL Background Thread 4 ] DEBUG FXGLAssetLoaderServi - Loading from file system: jar:file:///home/d/.m2/repository/com/github/almasb/fxgl/11.16/fxgl-11.16.jar!/fxglassets/ui/fonts/Abel-Regular.ttf
18:27:00.309 [FXGL Background Thread 4 ] DEBUG FXGLAssetLoaderServi - Loading from file system: jar:file:///home/d/.m2/repository/com/github/almasb/fxgl/11.16/fxgl-11.16.jar!/fxglassets/ui/fonts/lucida_console.ttf
18:27:00.313 [FXGL Background Thread 4 ] DEBUG FXGLAssetLoaderServi - Loading from file system: jar:file:///home/d/.m2/repository/com/github/almasb/fxgl/11.16/fxgl-11.16.jar!/fxglassets/ui/fonts/Courier-Prime.ttf
18:27:00.314 [FXGL Background Thread 1 ] INFO  FXGLApplication      - FXGL initialization took: 0.429 sec
18:27:00.318 [JavaFX Application Thread] DEBUG FXGLAssetLoaderServi - Loading from file system: jar:file:///home/d/.m2/repository/com/github/almasb/fxgl/11.16/fxgl-11.16.jar!/fxglassets/textures/fxgl_icon.png
18:27:00.350 [JavaFX Application Thread] DEBUG FXGLAssetLoaderServi - Loading from file system: jar:file:///home/d/.m2/repository/com/github/almasb/fxgl/11.16/fxgl-11.16.jar!/fxglassets/textures/fxgl_default_cursor.png
18:27:00.364 [JavaFX Application Thread] DEBUG Input                - Registered new binding: Screenshot - CTRL+8
18:27:00.364 [JavaFX Application Thread] DEBUG Input                - Registered new binding: System info dump - CTRL+9
18:27:00.365 [JavaFX Application Thread] DEBUG Input                - Registered new binding: Restart - CTRL+R
18:27:00.365 [JavaFX Application Thread] DEBUG Input                - Registered new binding: Toggle Debug Camera - CTRL+C
18:27:00.367 [JavaFX Application Thread] DEBUG LoopRunner           - Starting loop
18:27:00.368 [JavaFX Application Thread] DEBUG LoopRunner           - Initializing JavaFX AnimationTimerLoop
18:27:00.369 [JavaFX Application Thread] DEBUG GameApplicationServi - Starting new game
18:27:00.370 [JavaFX Application Thread] DEBUG Input                - Clearing active input actions
18:27:00.387 [JavaFX Application Thread] DEBUG GameApplicationServi - Removing overlay from FXGLStartupScene and adding to FXGLLoadingScene
18:27:00.388 [JavaFX Application Thread] DEBUG PrimaryStageWindow   - FXGLStartupScene -> FXGLLoadingScene
18:27:00.388 [JavaFX Application Thread] DEBUG GameApplicationServi - Clearing previous game
18:27:00.389 [JavaFX Application Thread] DEBUG GameScene            - Clearing game scene
18:27:00.389 [JavaFX Application Thread] DEBUG GameWorld            - Clearing game world
18:27:00.389 [JavaFX Application Thread] DEBUG PhysicsWorld         - Clearing physics world
18:27:00.392 [FXGL Background Thread 4 ] DEBUG FXGLApplication      - Initializing game
18:27:00.393 [JavaFX Application Thread] DEBUG FXGLApplication      - Registering font factories with UI factory
18:27:00.439 [FXGL Background Thread 4 ] INFO  FXGLApplication      - Game initialization took: 0.047 sec
18:27:00.516 [JavaFX Application Thread] DEBUG Input                - Clearing active input actions
18:27:00.530 [JavaFX Application Thread] DEBUG GameApplicationServi - Removing overlay from FXGLLoadingScene and adding to GameScene
18:27:00.531 [JavaFX Application Thread] DEBUG PrimaryStageWindow   - FXGLLoadingScene -> GameScene
18:27:01.144 [JavaFX Application Thread] DEBUG Input                - Registered new binding: Up - W
18:27:01.145 [JavaFX Application Thread] DEBUG Input                - Registered new binding: Down - S
18:27:01.145 [JavaFX Application Thread] DEBUG Input                - Registered new binding: Left - A
18:27:01.145 [JavaFX Application Thread] DEBUG Input                - Registered new binding: Right - D
18:27:01.146 [JavaFX Application Thread] DEBUG Input                - Mocking key press: W
18:27:01.635 [JavaFX Application Thread] DEBUG LoopRunner           - Stopping loop
18:27:01.636 [JavaFX Application Thread] FATAL FXGLApplication      - Uncaught Exception:
java.lang.IllegalArgumentException: Action already exists: Up
	at com.almasb.fxgl.input/com.almasb.fxgl.input.Input.addBinding(Input.kt:450)
	at com.almasb.fxgl.input/com.almasb.fxgl.input.Input.addAction(Input.kt:446)
	at com.almasb.fxgl.input/com.almasb.fxgl.input.Input.addAction$default(Input.kt:443)
	at com.almasb.fxgl.input/com.almasb.fxgl.input.Input.addAction(Input.kt)
	at Snake/com.game.snake.SnakeApplication$1.onActionBegin(SnakeApplication.java:99)
	at com.almasb.fxgl.input/com.almasb.fxgl.input.TriggerListener.begin$fxgl_input(TriggerListener.kt:15)
	at com.almasb.fxgl.input/com.almasb.fxgl.input.Input.handlePressed(Input.kt:341)
	at com.almasb.fxgl.input/com.almasb.fxgl.input.Input.onKeyEvent(Input.kt:291)
	at com.almasb.fxgl.all/com.almasb.fxgl.app.PrimaryStageWindow$1$1.invoke(MainWindow.kt:289)
	at com.almasb.fxgl.all/com.almasb.fxgl.app.PrimaryStageWindow$1$1.invoke(MainWindow.kt:253)
	at com.almasb.fxgl.core/com.almasb.fxgl.core.fsm.StateMachine.runOnActiveStates(StateMachine.kt:69)
	at com.almasb.fxgl.all/com.almasb.fxgl.app.PrimaryStageWindow$1.invoke(MainWindow.kt:289)
	at com.almasb.fxgl.all/com.almasb.fxgl.app.PrimaryStageWindow$1.invoke(MainWindow.kt:253)
	at com.almasb.fxgl.all/com.almasb.fxgl.app.MainWindow$sam$javafx_event_EventHandler$0.handle(MainWindow.kt)
	at javafx.base/com.sun.javafx.event.CompositeEventHandler$NormalEventHandlerRecord.handleBubblingEvent(CompositeEventHandler.java:247)
	at javafx.base/com.sun.javafx.event.CompositeEventHandler.dispatchBubblingEvent(CompositeEventHandler.java:80)
	at javafx.base/com.sun.javafx.event.EventHandlerManager.dispatchBubblingEvent(EventHandlerManager.java:234)
	at javafx.base/com.sun.javafx.event.EventHandlerManager.dispatchBubblingEvent(EventHandlerManager.java:191)
	at javafx.base/com.sun.javafx.event.CompositeEventDispatcher.dispatchBubblingEvent(CompositeEventDispatcher.java:59)
	at javafx.base/com.sun.javafx.event.BasicEventDispatcher.dispatchEvent(BasicEventDispatcher.java:58)
	at javafx.base/com.sun.javafx.event.EventDispatchChainImpl.dispatchEvent(EventDispatchChainImpl.java:114)
	at javafx.base/com.sun.javafx.event.BasicEventDispatcher.dispatchEvent(BasicEventDispatcher.java:56)
	at javafx.base/com.sun.javafx.event.EventDispatchChainImpl.dispatchEvent(EventDispatchChainImpl.java:114)
	at javafx.base/com.sun.javafx.event.EventUtil.fireEventImpl(EventUtil.java:74)
	at javafx.base/com.sun.javafx.event.EventUtil.fireEvent(EventUtil.java:54)
	at javafx.base/javafx.event.Event.fireEvent(Event.java:198)
	at javafx.graphics/javafx.scene.Scene$KeyHandler.process(Scene.java:4064)
	at javafx.graphics/javafx.scene.Scene.processKeyEvent(Scene.java:2123)
	at javafx.graphics/javafx.scene.Scene$ScenePeerListener.keyEvent(Scene.java:2591)
	at javafx.graphics/com.sun.javafx.tk.quantum.GlassViewEventHandler$KeyEventNotification.run(GlassViewEventHandler.java:217)
	at javafx.graphics/com.sun.javafx.tk.quantum.GlassViewEventHandler$KeyEventNotification.run(GlassViewEventHandler.java:149)
	at java.base/java.security.AccessController.doPrivileged(AccessController.java:391)
	at javafx.graphics/com.sun.javafx.tk.quantum.GlassViewEventHandler.lambda$handleKeyEvent$1(GlassViewEventHandler.java:248)
	at javafx.graphics/com.sun.javafx.tk.quantum.QuantumToolkit.runWithoutRenderLock(QuantumToolkit.java:412)
	at javafx.graphics/com.sun.javafx.tk.quantum.GlassViewEventHandler.handleKeyEvent(GlassViewEventHandler.java:247)
	at javafx.graphics/com.sun.glass.ui.View.handleKeyEvent(View.java:547)
	at javafx.graphics/com.sun.glass.ui.View.notifyKey(View.java:971)
	at javafx.graphics/com.sun.glass.ui.gtk.GtkApplication._runLoop(Native Method)
	at javafx.graphics/com.sun.glass.ui.gtk.GtkApplication.lambda$runLoop$11(GtkApplication.java:277)
	at java.base/java.lang.Thread.run(Thread.java:831)

18:27:01.637 [JavaFX Application Thread] FATAL FXGLApplication      - Application will now exit
18:27:01.649 [JavaFX Application Thread] DEBUG PrimaryStageWindow   - Push state: ErrorSubScene
18:27:01.649 [JavaFX Application Thread] DEBUG Input                - Clearing active input actions
18:27:01.653 [JavaFX Application Thread] DEBUG GameApplicationServi - Removing overlay from GameScene and adding to ErrorSubScene
18:27:01.653 [JavaFX Application Thread] DEBUG PrimaryStageWindow   - GameScene -> ErrorSubScene
18:27:03.296 [FXGL Background Thread 3 ] DEBUG Engine               - Logging environment variables
18:27:03.297 [FXGL Background Thread 3 ] DEBUG Engine               - achievements: []
18:27:03.297 [FXGL Background Thread 3 ] DEBUG Engine               - actualHeight: 708.0
18:27:03.298 [FXGL Background Thread 3 ] DEBUG Engine               - actualHeightProperty: ReadOnlyDoubleProperty [value: 708.0]
18:27:03.298 [FXGL Background Thread 3 ] DEBUG Engine               - actualWidth: 698.0
18:27:03.298 [FXGL Background Thread 3 ] DEBUG Engine               - actualWidthProperty: ReadOnlyDoubleProperty [value: 698.0]
18:27:03.298 [FXGL Background Thread 3 ] DEBUG Engine               - appIcon: fxgl_icon.png
18:27:03.298 [FXGL Background Thread 3 ] DEBUG Engine               - applicationMode: DEVELOPER
18:27:03.299 [FXGL Background Thread 3 ] DEBUG Engine               - cSSList: [fxgl_dark.css]
18:27:03.299 [FXGL Background Thread 3 ] DEBUG Engine               - collisionDetectionStrategy: BRUTE_FORCE
18:27:03.299 [FXGL Background Thread 3 ] DEBUG Engine               - configClass: Optional.empty
18:27:03.299 [FXGL Background Thread 3 ] DEBUG Engine               - credits: []
18:27:03.299 [FXGL Background Thread 3 ] DEBUG Engine               - defaultCursor: CursorInfo(imageName=fxgl_default_cursor.png, hotspotX=7.0, hotspotY=6.0)
18:27:03.300 [FXGL Background Thread 3 ] DEBUG Engine               - devBBoxColorProperty: ObjectProperty [value: 0xff0000ff]
18:27:03.300 [FXGL Background Thread 3 ] DEBUG Engine               - devEnableDebugCameraProperty: BooleanProperty [value: false]
18:27:03.300 [FXGL Background Thread 3 ] DEBUG Engine               - devSensorColorProperty: ObjectProperty [value: 0xffff00ff]
18:27:03.301 [FXGL Background Thread 3 ] DEBUG Engine               - devShowBBoxProperty: BooleanProperty [value: false]
18:27:03.301 [FXGL Background Thread 3 ] DEBUG Engine               - devShowPositionProperty: BooleanProperty [value: false]
18:27:03.301 [FXGL Background Thread 3 ] DEBUG Engine               - enabledMenuItems: []
18:27:03.301 [FXGL Background Thread 3 ] DEBUG Engine               - engineServices: [class com.almasb.fxgl.app.services.FXGLAssetLoaderService, class com.almasb.fxgl.app.FXGLApplication$GameApplicationService, class com.almasb.fxgl.app.services.FXGLDialogService, class com.almasb.fxgl.app.services.IOTaskExecutorService, class com.almasb.fxgl.io.FileSystemService, class com.almasb.fxgl.localization.LocalizationService, class com.almasb.fxgl.app.services.SystemBundleService, class com.almasb.fxgl.profile.SaveLoadService, class com.almasb.fxgl.ui.FXGLUIFactoryServiceProvider, class com.almasb.fxgl.ui.FXGLDialogFactoryServiceProvider, class com.almasb.fxgl.audio.AudioPlayer, class com.almasb.fxgl.notification.impl.NotificationServiceProvider, class com.almasb.fxgl.achievement.AchievementService, class com.almasb.fxgl.cutscene.CutsceneService, class com.almasb.fxgl.minigames.MiniGameService, class com.almasb.fxgl.net.NetService, class com.almasb.fxgl.app.services.UpdaterService, class com.almasb.fxgl.dev.DevService]
18:27:03.301 [FXGL Background Thread 3 ] DEBUG Engine               - fontGame: Abel-Regular.ttf
18:27:03.301 [FXGL Background Thread 3 ] DEBUG Engine               - fontMono: lucida_console.ttf
18:27:03.302 [FXGL Background Thread 3 ] DEBUG Engine               - fontText: Courier-Prime.ttf
18:27:03.302 [FXGL Background Thread 3 ] DEBUG Engine               - fontUI: VarelaRound-Regular.ttf
18:27:03.302 [FXGL Background Thread 3 ] DEBUG Engine               - fullScreen: BooleanProperty [value: false]
18:27:03.302 [FXGL Background Thread 3 ] DEBUG Engine               - gameDifficulty: MEDIUM
18:27:03.303 [FXGL Background Thread 3 ] DEBUG Engine               - gameDifficultyProperty: ObjectProperty [value: MEDIUM]
18:27:03.303 [FXGL Background Thread 3 ] DEBUG Engine               - globalMusicVolume: 0.5
18:27:03.303 [FXGL Background Thread 3 ] DEBUG Engine               - globalMusicVolumeProperty: DoubleProperty [value: 0.5]
18:27:03.304 [FXGL Background Thread 3 ] DEBUG Engine               - globalSoundVolume: 0.5
18:27:03.304 [FXGL Background Thread 3 ] DEBUG Engine               - globalSoundVolumeProperty: DoubleProperty [value: 0.5]
18:27:03.304 [FXGL Background Thread 3 ] DEBUG Engine               - height: 700
18:27:03.304 [FXGL Background Thread 3 ] DEBUG Engine               - is3D: false
18:27:03.304 [FXGL Background Thread 3 ] DEBUG Engine               - isAndroid: false
18:27:03.304 [FXGL Background Thread 3 ] DEBUG Engine               - isBrowser: false
18:27:03.304 [FXGL Background Thread 3 ] DEBUG Engine               - isClickFeedbackEnabled: false
18:27:03.305 [FXGL Background Thread 3 ] DEBUG Engine               - isCloseConfirmation: false
18:27:03.305 [FXGL Background Thread 3 ] DEBUG Engine               - isDesktop: true
18:27:03.305 [FXGL Background Thread 3 ] DEBUG Engine               - isDeveloperMenuEnabled: false
18:27:03.305 [FXGL Background Thread 3 ] DEBUG Engine               - isEntityPreloadEnabled: true
18:27:03.305 [FXGL Background Thread 3 ] DEBUG Engine               - isExperimentalTiledLargeMap: false
18:27:03.305 [FXGL Background Thread 3 ] DEBUG Engine               - isFileSystemWriteAllowed: true
18:27:03.306 [FXGL Background Thread 3 ] DEBUG Engine               - isFullScreenAllowed: false
18:27:03.306 [FXGL Background Thread 3 ] DEBUG Engine               - isFullScreenFromStart: false
18:27:03.306 [FXGL Background Thread 3 ] DEBUG Engine               - isGameMenuEnabled: true
18:27:03.306 [FXGL Background Thread 3 ] DEBUG Engine               - isIOS: false
18:27:03.306 [FXGL Background Thread 3 ] DEBUG Engine               - isIntroEnabled: false
18:27:03.306 [FXGL Background Thread 3 ] DEBUG Engine               - isLinux: true
18:27:03.307 [FXGL Background Thread 3 ] DEBUG Engine               - isMac: false
18:27:03.307 [FXGL Background Thread 3 ] DEBUG Engine               - isMainMenuEnabled: false
18:27:03.307 [FXGL Background Thread 3 ] DEBUG Engine               - isManualResizeEnabled: false
18:27:03.307 [FXGL Background Thread 3 ] DEBUG Engine               - isMobile: false
18:27:03.307 [FXGL Background Thread 3 ] DEBUG Engine               - isNative: false
18:27:03.307 [FXGL Background Thread 3 ] DEBUG Engine               - isPreserveResizeRatio: false
18:27:03.307 [FXGL Background Thread 3 ] DEBUG Engine               - isProfilingEnabled: false
18:27:03.308 [FXGL Background Thread 3 ] DEBUG Engine               - isScaleAffectedOnResize: true
18:27:03.308 [FXGL Background Thread 3 ] DEBUG Engine               - isSingleStep: false
18:27:03.308 [FXGL Background Thread 3 ] DEBUG Engine               - isUserProfileEnabled: false
18:27:03.308 [FXGL Background Thread 3 ] DEBUG Engine               - isWindows: false
18:27:03.308 [FXGL Background Thread 3 ] DEBUG Engine               - language: ObjectProperty [value: ENGLISH]
18:27:03.309 [FXGL Background Thread 3 ] DEBUG Engine               - menuKey: ESCAPE
18:27:03.309 [FXGL Background Thread 3 ] DEBUG Engine               - mouseSensitivity: 0.2
18:27:03.309 [FXGL Background Thread 3 ] DEBUG Engine               - notificationViewClass: class com.almasb.fxgl.notification.view.XboxNotificationView
18:27:03.309 [FXGL Background Thread 3 ] DEBUG Engine               - pixelsPerMeter: 50.0
18:27:03.309 [FXGL Background Thread 3 ] DEBUG Engine               - platform: LINUX
18:27:03.309 [FXGL Background Thread 3 ] DEBUG Engine               - prefHeightProperty: ReadOnlyDoubleProperty [value: 700.0]
18:27:03.309 [FXGL Background Thread 3 ] DEBUG Engine               - prefWidthProperty: ReadOnlyDoubleProperty [value: 700.0]
18:27:03.310 [FXGL Background Thread 3 ] DEBUG Engine               - profileDir: profiles/
18:27:03.310 [FXGL Background Thread 3 ] DEBUG Engine               - profileName: StringProperty [value: DEFAULT]
18:27:03.310 [FXGL Background Thread 3 ] DEBUG Engine               - randomSeed: -1
18:27:03.310 [FXGL Background Thread 3 ] DEBUG Engine               - runtimeInfo: RuntimeInfo(platform=LINUX, version=11.16, build=25.05.2021 08.16)
18:27:03.310 [FXGL Background Thread 3 ] DEBUG Engine               - saveFileExt: sav
18:27:03.311 [FXGL Background Thread 3 ] DEBUG Engine               - scaledHeightProp$fxgl: DoubleProperty [bound, value: 708.0]
18:27:03.311 [FXGL Background Thread 3 ] DEBUG Engine               - scaledWidthProp$fxgl: DoubleProperty [bound, value: 698.0]
18:27:03.311 [FXGL Background Thread 3 ] DEBUG Engine               - sceneFactory: com.almasb.fxgl.app.scene.SceneFactory@1a5b3dcd
18:27:03.311 [FXGL Background Thread 3 ] DEBUG Engine               - secondsIn24h: 60
18:27:03.311 [FXGL Background Thread 3 ] DEBUG Engine               - soundMenuBack: menu/back.wav
18:27:03.311 [FXGL Background Thread 3 ] DEBUG Engine               - soundMenuPress: menu/press.wav
18:27:03.312 [FXGL Background Thread 3 ] DEBUG Engine               - soundMenuSelect: menu/select.wav
18:27:03.312 [FXGL Background Thread 3 ] DEBUG Engine               - soundNotification: core/notification.wav
18:27:03.312 [FXGL Background Thread 3 ] DEBUG Engine               - stageStyle: DECORATED
18:27:03.312 [FXGL Background Thread 3 ] DEBUG Engine               - supportedLanguages: [ENGLISH, FRENCH, GERMAN, HUNGARIAN, RUSSIAN]
18:27:03.312 [FXGL Background Thread 3 ] DEBUG Engine               - ticksPerSecond: -1
18:27:03.312 [FXGL Background Thread 3 ] DEBUG Engine               - title: Snake
18:27:03.312 [FXGL Background Thread 3 ] DEBUG Engine               - urlGithub: https://github.com/AlmasB/FXGL
18:27:03.312 [FXGL Background Thread 3 ] DEBUG Engine               - urlLeaderboard: http://fxgl-top.herokuapp.com/
18:27:03.313 [FXGL Background Thread 3 ] DEBUG Engine               - urlPOM: https://raw.githubusercontent.com/AlmasB/FXGL/release/README.md
18:27:03.313 [FXGL Background Thread 3 ] DEBUG Engine               - userAppClass: class com.game.snake.SnakeApplication
18:27:03.313 [FXGL Background Thread 3 ] DEBUG Engine               - version: 0.0
18:27:03.313 [FXGL Background Thread 3 ] DEBUG Engine               - versionCheckDays: 7
18:27:03.313 [FXGL Background Thread 3 ] DEBUG Engine               - width: 700
18:27:03.314 [FXGL Background Thread 3 ] DEBUG Engine               - Logging services
18:27:03.314 [FXGL Background Thread 3 ] DEBUG Engine               - class com.almasb.fxgl.app.services.FXGLAssetLoaderService
18:27:03.314 [FXGL Background Thread 3 ] DEBUG Engine               - class com.almasb.fxgl.app.FXGLApplication$GameApplicationService
18:27:03.314 [FXGL Background Thread 3 ] DEBUG Engine               - class com.almasb.fxgl.app.services.FXGLDialogService
18:27:03.314 [FXGL Background Thread 3 ] DEBUG Engine               - class com.almasb.fxgl.app.services.IOTaskExecutorService
18:27:03.315 [FXGL Background Thread 3 ] DEBUG Engine               - class com.almasb.fxgl.io.FileSystemService
18:27:03.315 [FXGL Background Thread 3 ] DEBUG Engine               - class com.almasb.fxgl.localization.LocalizationService
18:27:03.315 [FXGL Background Thread 3 ] DEBUG Engine               - class com.almasb.fxgl.app.services.SystemBundleService
18:27:03.315 [FXGL Background Thread 3 ] DEBUG Engine               - class com.almasb.fxgl.profile.SaveLoadService
18:27:03.315 [FXGL Background Thread 3 ] DEBUG Engine               - class com.almasb.fxgl.ui.FXGLUIFactoryServiceProvider
18:27:03.316 [FXGL Background Thread 3 ] DEBUG Engine               - class com.almasb.fxgl.ui.FXGLDialogFactoryServiceProvider
18:27:03.316 [FXGL Background Thread 3 ] DEBUG Engine               - class com.almasb.fxgl.audio.AudioPlayer
18:27:03.316 [FXGL Background Thread 3 ] DEBUG Engine               - class com.almasb.fxgl.notification.impl.NotificationServiceProvider
18:27:03.316 [FXGL Background Thread 3 ] DEBUG Engine               - class com.almasb.fxgl.achievement.AchievementService
18:27:03.317 [FXGL Background Thread 3 ] DEBUG Engine               - class com.almasb.fxgl.cutscene.CutsceneService
18:27:03.317 [FXGL Background Thread 3 ] DEBUG Engine               - class com.almasb.fxgl.minigames.MiniGameService
18:27:03.317 [FXGL Background Thread 3 ] DEBUG Engine               - class com.almasb.fxgl.net.NetService
18:27:03.317 [FXGL Background Thread 3 ] DEBUG Engine               - class com.almasb.fxgl.app.services.UpdaterService
18:27:03.317 [FXGL Background Thread 3 ] DEBUG Engine               - class com.almasb.fxgl.dev.DevService
18:27:06.559 [JavaFX Application Thread] DEBUG FXGLApplication      - Exiting FXGL
18:27:06.560 [JavaFX Application Thread] DEBUG Async                - Shutting down background threads
18:27:06.560 [JavaFX Application Thread] DEBUG PrimaryStageWindow   - Closing main window
18:27:06.563 [JavaFX Application Thread] DEBUG Logger               - Closing Logger
