14:50:22.478 [main                     ] DEBUG Logger               - Configured Logger
14:50:22.496 [main                     ] DEBUG GameApplication      - Logging settings
Title: Snake
Version: 0.0
Width: 720
Height: 720
Fullscreen: false
Intro: false
Profiling: false
Single step:false
App Mode: DEVELOPER
Menu Key: ESCAPE
Stage Style: DECORATED
Scene Factory: class com.almasb.fxgl.app.scene.SceneFactory

14:50:22.857 [JavaFX Application Thread] DEBUG FXGLApplication      - Initializing FXGL
14:50:22.859 [JavaFX Application Thread] INFO  Engine               - FXGL-11.16 (25.05.2021 08.16) on LINUX (J:16.0.2 FX:16)
14:50:22.860 [JavaFX Application Thread] DEBUG Engine               - JRE Vendor Name: Azul Systems, Inc.
14:50:22.861 [JavaFX Application Thread] DEBUG Engine               - Running on OS: Linux version 5.8.0-59-generic
14:50:22.861 [JavaFX Application Thread] DEBUG Engine               - Architecture: amd64
14:50:22.861 [JavaFX Application Thread] INFO  Engine               - Source code and latest versions at: https://github.com/AlmasB/FXGL
14:50:22.862 [JavaFX Application Thread] INFO  Engine               -              Join the FXGL chat at: https://gitter.im/AlmasB/FXGL
14:50:22.960 [JavaFX Application Thread] DEBUG PrimaryStageWindow   - Creating a JavaFX scene
14:50:23.050 [JavaFX Application Thread] DEBUG PrimaryStageWindow   - Target settings size: 720.0 x 720.0
14:50:23.050 [JavaFX Application Thread] DEBUG PrimaryStageWindow   - Scaled scene size:    720.0 x 720.0
14:50:23.050 [JavaFX Application Thread] DEBUG PrimaryStageWindow   - Scaled ratio: (1.0, 1.0)
14:50:23.051 [JavaFX Application Thread] DEBUG PrimaryStageWindow   - Set initial scene to FXGLStartupScene
14:50:23.057 [JavaFX Application Thread] DEBUG PrimaryStageWindow   - Opening main window
14:50:23.097 [JavaFX Application Thread] DEBUG PrimaryStageWindow   - Window border size: (2.0, 29.0)
14:50:23.098 [JavaFX Application Thread] DEBUG PrimaryStageWindow   - Scaled size: 720.0 x 720.0
14:50:23.098 [JavaFX Application Thread] DEBUG PrimaryStageWindow   - Scaled ratio: (1.0, 1.0)
14:50:23.098 [JavaFX Application Thread] DEBUG PrimaryStageWindow   - Scene size: 720.0 x 720.0
14:50:23.098 [JavaFX Application Thread] DEBUG PrimaryStageWindow   - Stage size: 722.0 x 749.0
14:50:23.108 [FXGL Background Thread 1 ] DEBUG Engine               - Initializing environment variables
14:50:23.158 [FXGL Background Thread 1 ] DEBUG FXGLAssetLoaderServi - User app class for loading assets: class com.game.snake.SnakeApplication
14:50:23.158 [FXGL Background Thread 1 ] DEBUG GameApplicationServi - Applying CSS: fxgl_dark.css
14:50:23.159 [FXGL Background Thread 1 ] DEBUG FXGLAssetLoaderServi - Loading from file system: jar:file:///home/d/.m2/repository/com/github/almasb/fxgl/11.16/fxgl-11.16.jar!/fxglassets/ui/css/fxgl_dark.css
14:50:23.241 [FXGL Background Thread 1 ] DEBUG GameApplicationServi - Initializing application scenes
14:50:23.320 [FXGL Background Thread 1 ] DEBUG GameWorld            - Game world initialized
14:50:23.380 [FXGL Background Thread 1 ] DEBUG PhysicsWorld         - Physics world initialized: appHeight=720, physics.ppm=50.0
14:50:23.380 [FXGL Background Thread 1 ] DEBUG PhysicsWorld         - Using strategy: BRUTE_FORCE
14:50:23.383 [FXGL Background Thread 1 ] DEBUG GameScene            - Game scene initialized: 720x720
14:50:23.393 [FXGL Background Thread 1 ] WARN  FXGL.DefaultMenu     - FXGLDefaultMenu is not designed for resolutions < 800x600
14:50:23.394 [FXGL Background Thread 1 ] DEBUG FXGL.DefaultMenu     - createMenuBodyGameMenu()
14:50:23.406 [FXGL Background Thread 1 ] DEBUG FXGL.DefaultMenu     - createOptionsMenu()
14:50:23.414 [FXGL Background Thread 1 ] DEBUG FXGLAssetLoaderServi - Loading from file system: jar:file:///home/d/.m2/repository/com/github/almasb/fxgl/11.16/fxgl-11.16.jar!/fxglassets/textures/particles/smoke.png
14:50:23.507 [FXGL Background Thread 1 ] DEBUG FXGLAssetLoaderServi - Loading from file system: jar:file:///home/d/.m2/repository/com/github/almasb/fxgl/11.16/fxgl-11.16.jar!/fxglassets/textures/particles/trace_horizontal.png
14:50:23.534 [FXGL Background Thread 1 ] DEBUG GameApplicationServi - Application scenes initialized
14:50:23.542 [FXGL Background Thread 1 ] DEBUG SystemBundleService  - Loading FXGL system data
14:50:23.545 [FXGL Background Thread 1 ] DEBUG FileSystemAccess     - Reading from: /home/d/IdeaProjects/Snake/system/fxgl.bundle
14:50:23.551 [FXGL Background Thread 1 ] DEBUG SystemBundleService  - Bundle FXGL: {}
14:50:23.552 [FXGL Background Thread 1 ] DEBUG UpdaterService       - Checking for updates
14:50:23.555 [FXGL Background Thread 4 ] DEBUG FXGLApplication      - Loading fonts
14:50:23.556 [FXGL Background Thread 1 ] DEBUG FXGLApplication      - Loading default localization
14:50:23.556 [FXGL Background Thread 4 ] DEBUG FXGLAssetLoaderServi - Loading from file system: jar:file:///home/d/.m2/repository/com/github/almasb/fxgl/11.16/fxgl-11.16.jar!/fxglassets/ui/fonts/VarelaRound-Regular.ttf
14:50:23.556 [FXGL Background Thread 1 ] DEBUG FXGLAssetLoaderServi - Loading from file system: jar:file:///home/d/.m2/repository/com/github/almasb/fxgl/11.16/fxgl-11.16.jar!/fxglassets/languages/english.lang
14:50:23.564 [FXGL Background Thread 4 ] DEBUG FXGLAssetLoaderServi - Loading from file system: jar:file:///home/d/.m2/repository/com/github/almasb/fxgl/11.16/fxgl-11.16.jar!/fxglassets/ui/fonts/Abel-Regular.ttf
14:50:23.566 [FXGL Background Thread 4 ] DEBUG FXGLAssetLoaderServi - Loading from file system: jar:file:///home/d/.m2/repository/com/github/almasb/fxgl/11.16/fxgl-11.16.jar!/fxglassets/ui/fonts/lucida_console.ttf
14:50:23.569 [FXGL Background Thread 4 ] DEBUG FXGLAssetLoaderServi - Loading from file system: jar:file:///home/d/.m2/repository/com/github/almasb/fxgl/11.16/fxgl-11.16.jar!/fxglassets/ui/fonts/Courier-Prime.ttf
14:50:23.570 [FXGL Background Thread 1 ] INFO  FXGLApplication      - FXGL initialization took: 0.462 sec
14:50:23.581 [JavaFX Application Thread] DEBUG Input                - Registered new binding: Up - W
14:50:23.581 [JavaFX Application Thread] DEBUG Input                - Registered new binding: Down - S
14:50:23.582 [JavaFX Application Thread] DEBUG Input                - Registered new binding: Left - A
14:50:23.582 [JavaFX Application Thread] DEBUG Input                - Registered new binding: Right - D
14:50:23.582 [JavaFX Application Thread] DEBUG LoopRunner           - Stopping loop
14:50:23.582 [JavaFX Application Thread] DEBUG LoopRunner           - Initializing JavaFX AnimationTimerLoop
14:50:23.584 [JavaFX Application Thread] FATAL FXGLApplication      - Uncaught Exception:
java.lang.IllegalArgumentException: Action already exists: Up
	at com.almasb.fxgl.input/com.almasb.fxgl.input.Input.addBinding(Input.kt:450)
	at com.almasb.fxgl.input/com.almasb.fxgl.input.Input.addAction(Input.kt:446)
	at com.almasb.fxgl.input/com.almasb.fxgl.input.Input.addAction$default(Input.kt:443)
	at com.almasb.fxgl.input/com.almasb.fxgl.input.Input.addAction(Input.kt)
	at Snake/com.game.snake.SnakeApplication.initInput(SnakeApplication.java:192)
	at com.almasb.fxgl.all/com.almasb.fxgl.app.FXGLApplication$GameApplicationService.onMainLoopStarting(FXGLApplication.kt:516)
	at com.almasb.fxgl.all/com.almasb.fxgl.app.Engine.startLoop(Engine.kt:149)
	at com.almasb.fxgl.all/com.almasb.fxgl.app.FXGLApplication$startImpl$task$2.accept(FXGLApplication.kt:145)
	at com.almasb.fxgl.all/com.almasb.fxgl.app.FXGLApplication$startImpl$task$2.accept(FXGLApplication.kt:69)
	at com.almasb.fxgl.core/com.almasb.fxgl.core.concurrent.IOTask.succeed(IOTask.java:164)
	at com.almasb.fxgl.core/com.almasb.fxgl.core.concurrent.IOTask$1.succeeded(IOTask.java:153)
	at javafx.graphics/javafx.concurrent.Task.setState(Task.java:726)
	at javafx.graphics/javafx.concurrent.Task$TaskCallable.lambda$call$1(Task.java:1436)
	at javafx.graphics/com.sun.javafx.application.PlatformImpl.lambda$runLater$10(PlatformImpl.java:447)
	at java.base/java.security.AccessController.doPrivileged(AccessController.java:391)
	at javafx.graphics/com.sun.javafx.application.PlatformImpl.lambda$runLater$11(PlatformImpl.java:446)
	at javafx.graphics/com.sun.glass.ui.InvokeLaterDispatcher$Future.run(InvokeLaterDispatcher.java:96)
	at javafx.graphics/com.sun.glass.ui.gtk.GtkApplication._runLoop(Native Method)
	at javafx.graphics/com.sun.glass.ui.gtk.GtkApplication.lambda$runLoop$11(GtkApplication.java:277)
	at java.base/java.lang.Thread.run(Thread.java:831)

14:50:23.585 [JavaFX Application Thread] FATAL FXGLApplication      - Application will now exit
14:50:23.612 [JavaFX Application Thread] DEBUG PrimaryStageWindow   - Push state: ErrorSubScene
14:50:23.613 [JavaFX Application Thread] DEBUG Input                - Clearing active input actions
14:50:23.622 [JavaFX Application Thread] DEBUG GameApplicationServi - Removing overlay from FXGLStartupScene and adding to ErrorSubScene
14:50:23.623 [JavaFX Application Thread] DEBUG PrimaryStageWindow   - FXGLStartupScene -> ErrorSubScene
14:50:23.624 [JavaFX Application Thread] DEBUG FXGLApplication      - Registering font factories with UI factory
14:50:24.144 [FXGL Background Thread 2 ] INFO  UpdaterService       - Your current version:  11.16
14:50:24.145 [FXGL Background Thread 2 ] INFO  UpdaterService       - Latest stable version: 11.17
14:50:26.555 [FXGL Background Thread 3 ] DEBUG Engine               - Logging environment variables
14:50:26.557 [FXGL Background Thread 3 ] DEBUG Engine               - achievements: []
14:50:26.557 [FXGL Background Thread 3 ] DEBUG Engine               - actualHeight: 728.0
14:50:26.558 [FXGL Background Thread 3 ] DEBUG Engine               - actualHeightProperty: ReadOnlyDoubleProperty [value: 728.0]
14:50:26.558 [FXGL Background Thread 3 ] DEBUG Engine               - actualWidth: 718.0
14:50:26.558 [FXGL Background Thread 3 ] DEBUG Engine               - actualWidthProperty: ReadOnlyDoubleProperty [value: 718.0]
14:50:26.559 [FXGL Background Thread 3 ] DEBUG Engine               - appIcon: fxgl_icon.png
14:50:26.559 [FXGL Background Thread 3 ] DEBUG Engine               - applicationMode: DEVELOPER
14:50:26.559 [FXGL Background Thread 3 ] DEBUG Engine               - cSSList: [fxgl_dark.css]
14:50:26.560 [FXGL Background Thread 3 ] DEBUG Engine               - collisionDetectionStrategy: BRUTE_FORCE
14:50:26.560 [FXGL Background Thread 3 ] DEBUG Engine               - configClass: Optional.empty
14:50:26.560 [FXGL Background Thread 3 ] DEBUG Engine               - credits: []
14:50:26.560 [FXGL Background Thread 3 ] DEBUG Engine               - defaultCursor: CursorInfo(imageName=fxgl_default_cursor.png, hotspotX=7.0, hotspotY=6.0)
14:50:26.561 [FXGL Background Thread 3 ] DEBUG Engine               - devBBoxColorProperty: ObjectProperty [value: 0xff0000ff]
14:50:26.561 [FXGL Background Thread 3 ] DEBUG Engine               - devEnableDebugCameraProperty: BooleanProperty [value: false]
14:50:26.561 [FXGL Background Thread 3 ] DEBUG Engine               - devSensorColorProperty: ObjectProperty [value: 0xffff00ff]
14:50:26.561 [FXGL Background Thread 3 ] DEBUG Engine               - devShowBBoxProperty: BooleanProperty [value: false]
14:50:26.561 [FXGL Background Thread 3 ] DEBUG Engine               - devShowPositionProperty: BooleanProperty [value: false]
14:50:26.562 [FXGL Background Thread 3 ] DEBUG Engine               - enabledMenuItems: []
14:50:26.562 [FXGL Background Thread 3 ] DEBUG Engine               - engineServices: [class com.almasb.fxgl.app.services.FXGLAssetLoaderService, class com.almasb.fxgl.app.FXGLApplication$GameApplicationService, class com.almasb.fxgl.app.services.FXGLDialogService, class com.almasb.fxgl.app.services.IOTaskExecutorService, class com.almasb.fxgl.io.FileSystemService, class com.almasb.fxgl.localization.LocalizationService, class com.almasb.fxgl.app.services.SystemBundleService, class com.almasb.fxgl.profile.SaveLoadService, class com.almasb.fxgl.ui.FXGLUIFactoryServiceProvider, class com.almasb.fxgl.ui.FXGLDialogFactoryServiceProvider, class com.almasb.fxgl.audio.AudioPlayer, class com.almasb.fxgl.notification.impl.NotificationServiceProvider, class com.almasb.fxgl.achievement.AchievementService, class com.almasb.fxgl.cutscene.CutsceneService, class com.almasb.fxgl.minigames.MiniGameService, class com.almasb.fxgl.net.NetService, class com.almasb.fxgl.app.services.UpdaterService, class com.almasb.fxgl.dev.DevService]
14:50:26.562 [FXGL Background Thread 3 ] DEBUG Engine               - fontGame: Abel-Regular.ttf
14:50:26.562 [FXGL Background Thread 3 ] DEBUG Engine               - fontMono: lucida_console.ttf
14:50:26.562 [FXGL Background Thread 3 ] DEBUG Engine               - fontText: Courier-Prime.ttf
14:50:26.562 [FXGL Background Thread 3 ] DEBUG Engine               - fontUI: VarelaRound-Regular.ttf
14:50:26.563 [FXGL Background Thread 3 ] DEBUG Engine               - fullScreen: BooleanProperty [value: false]
14:50:26.563 [FXGL Background Thread 3 ] DEBUG Engine               - gameDifficulty: MEDIUM
14:50:26.563 [FXGL Background Thread 3 ] DEBUG Engine               - gameDifficultyProperty: ObjectProperty [value: MEDIUM]
14:50:26.564 [FXGL Background Thread 3 ] DEBUG Engine               - globalMusicVolume: 0.5
14:50:26.564 [FXGL Background Thread 3 ] DEBUG Engine               - globalMusicVolumeProperty: DoubleProperty [value: 0.5]
14:50:26.564 [FXGL Background Thread 3 ] DEBUG Engine               - globalSoundVolume: 0.5
14:50:26.565 [FXGL Background Thread 3 ] DEBUG Engine               - globalSoundVolumeProperty: DoubleProperty [value: 0.5]
14:50:26.565 [FXGL Background Thread 3 ] DEBUG Engine               - height: 720
14:50:26.566 [FXGL Background Thread 3 ] DEBUG Engine               - is3D: false
14:50:26.566 [FXGL Background Thread 3 ] DEBUG Engine               - isAndroid: false
14:50:26.566 [FXGL Background Thread 3 ] DEBUG Engine               - isBrowser: false
14:50:26.566 [FXGL Background Thread 3 ] DEBUG Engine               - isClickFeedbackEnabled: false
14:50:26.566 [FXGL Background Thread 3 ] DEBUG Engine               - isCloseConfirmation: false
14:50:26.567 [FXGL Background Thread 3 ] DEBUG Engine               - isDesktop: true
14:50:26.567 [FXGL Background Thread 3 ] DEBUG Engine               - isDeveloperMenuEnabled: false
14:50:26.567 [FXGL Background Thread 3 ] DEBUG Engine               - isEntityPreloadEnabled: true
14:50:26.567 [FXGL Background Thread 3 ] DEBUG Engine               - isExperimentalTiledLargeMap: false
14:50:26.567 [FXGL Background Thread 3 ] DEBUG Engine               - isFileSystemWriteAllowed: true
14:50:26.567 [FXGL Background Thread 3 ] DEBUG Engine               - isFullScreenAllowed: false
14:50:26.567 [FXGL Background Thread 3 ] DEBUG Engine               - isFullScreenFromStart: false
14:50:26.567 [FXGL Background Thread 3 ] DEBUG Engine               - isGameMenuEnabled: true
14:50:26.568 [FXGL Background Thread 3 ] DEBUG Engine               - isIOS: false
14:50:26.568 [FXGL Background Thread 3 ] DEBUG Engine               - isIntroEnabled: false
14:50:26.568 [FXGL Background Thread 3 ] DEBUG Engine               - isLinux: true
14:50:26.568 [FXGL Background Thread 3 ] DEBUG Engine               - isMac: false
14:50:26.568 [FXGL Background Thread 3 ] DEBUG Engine               - isMainMenuEnabled: false
14:50:26.568 [FXGL Background Thread 3 ] DEBUG Engine               - isManualResizeEnabled: false
14:50:26.568 [FXGL Background Thread 3 ] DEBUG Engine               - isMobile: false
14:50:26.569 [FXGL Background Thread 3 ] DEBUG Engine               - isNative: false
14:50:26.569 [FXGL Background Thread 3 ] DEBUG Engine               - isPreserveResizeRatio: false
14:50:26.569 [FXGL Background Thread 3 ] DEBUG Engine               - isProfilingEnabled: false
14:50:26.569 [FXGL Background Thread 3 ] DEBUG Engine               - isScaleAffectedOnResize: true
14:50:26.569 [FXGL Background Thread 3 ] DEBUG Engine               - isSingleStep: false
14:50:26.569 [FXGL Background Thread 3 ] DEBUG Engine               - isUserProfileEnabled: false
14:50:26.569 [FXGL Background Thread 3 ] DEBUG Engine               - isWindows: false
14:50:26.569 [FXGL Background Thread 3 ] DEBUG Engine               - language: ObjectProperty [value: ENGLISH]
14:50:26.570 [FXGL Background Thread 3 ] DEBUG Engine               - menuKey: ESCAPE
14:50:26.570 [FXGL Background Thread 3 ] DEBUG Engine               - mouseSensitivity: 0.2
14:50:26.570 [FXGL Background Thread 3 ] DEBUG Engine               - notificationViewClass: class com.almasb.fxgl.notification.view.XboxNotificationView
14:50:26.570 [FXGL Background Thread 3 ] DEBUG Engine               - pixelsPerMeter: 50.0
14:50:26.570 [FXGL Background Thread 3 ] DEBUG Engine               - platform: LINUX
14:50:26.571 [FXGL Background Thread 3 ] DEBUG Engine               - prefHeightProperty: ReadOnlyDoubleProperty [value: 720.0]
14:50:26.571 [FXGL Background Thread 3 ] DEBUG Engine               - prefWidthProperty: ReadOnlyDoubleProperty [value: 720.0]
14:50:26.571 [FXGL Background Thread 3 ] DEBUG Engine               - profileDir: profiles/
14:50:26.571 [FXGL Background Thread 3 ] DEBUG Engine               - profileName: StringProperty [value: DEFAULT]
14:50:26.571 [FXGL Background Thread 3 ] DEBUG Engine               - randomSeed: -1
14:50:26.571 [FXGL Background Thread 3 ] DEBUG Engine               - runtimeInfo: RuntimeInfo(platform=LINUX, version=11.16, build=25.05.2021 08.16)
14:50:26.571 [FXGL Background Thread 3 ] DEBUG Engine               - saveFileExt: sav
14:50:26.572 [FXGL Background Thread 3 ] DEBUG Engine               - scaledHeightProp$fxgl: DoubleProperty [bound, value: 728.0]
14:50:26.572 [FXGL Background Thread 3 ] DEBUG Engine               - scaledWidthProp$fxgl: DoubleProperty [bound, value: 718.0]
14:50:26.572 [FXGL Background Thread 3 ] DEBUG Engine               - sceneFactory: com.almasb.fxgl.app.scene.SceneFactory@46b2863f
14:50:26.572 [FXGL Background Thread 3 ] DEBUG Engine               - secondsIn24h: 60
14:50:26.572 [FXGL Background Thread 3 ] DEBUG Engine               - soundMenuBack: menu/back.wav
14:50:26.572 [FXGL Background Thread 3 ] DEBUG Engine               - soundMenuPress: menu/press.wav
14:50:26.573 [FXGL Background Thread 3 ] DEBUG Engine               - soundMenuSelect: menu/select.wav
14:50:26.573 [FXGL Background Thread 3 ] DEBUG Engine               - soundNotification: core/notification.wav
14:50:26.573 [FXGL Background Thread 3 ] DEBUG Engine               - stageStyle: DECORATED
14:50:26.573 [FXGL Background Thread 3 ] DEBUG Engine               - supportedLanguages: [ENGLISH, FRENCH, GERMAN, HUNGARIAN, RUSSIAN]
14:50:26.573 [FXGL Background Thread 3 ] DEBUG Engine               - ticksPerSecond: -1
14:50:26.574 [FXGL Background Thread 3 ] DEBUG Engine               - title: Snake
14:50:26.574 [FXGL Background Thread 3 ] DEBUG Engine               - urlGithub: https://github.com/AlmasB/FXGL
14:50:26.574 [FXGL Background Thread 3 ] DEBUG Engine               - urlLeaderboard: http://fxgl-top.herokuapp.com/
14:50:26.574 [FXGL Background Thread 3 ] DEBUG Engine               - urlPOM: https://raw.githubusercontent.com/AlmasB/FXGL/release/README.md
14:50:26.574 [FXGL Background Thread 3 ] DEBUG Engine               - userAppClass: class com.game.snake.SnakeApplication
14:50:26.574 [FXGL Background Thread 3 ] DEBUG Engine               - version: 0.0
14:50:26.574 [FXGL Background Thread 3 ] DEBUG Engine               - versionCheckDays: 7
14:50:26.575 [FXGL Background Thread 3 ] DEBUG Engine               - width: 720
14:50:26.575 [FXGL Background Thread 3 ] DEBUG Engine               - Logging services
14:50:26.575 [FXGL Background Thread 3 ] DEBUG Engine               - class com.almasb.fxgl.app.services.FXGLAssetLoaderService
14:50:26.575 [FXGL Background Thread 3 ] DEBUG Engine               - class com.almasb.fxgl.app.FXGLApplication$GameApplicationService
14:50:26.575 [FXGL Background Thread 3 ] DEBUG Engine               - class com.almasb.fxgl.app.services.FXGLDialogService
14:50:26.576 [FXGL Background Thread 3 ] DEBUG Engine               - class com.almasb.fxgl.app.services.IOTaskExecutorService
14:50:26.576 [FXGL Background Thread 3 ] DEBUG Engine               - class com.almasb.fxgl.io.FileSystemService
14:50:26.576 [FXGL Background Thread 3 ] DEBUG Engine               - class com.almasb.fxgl.localization.LocalizationService
14:50:26.576 [FXGL Background Thread 3 ] DEBUG Engine               - class com.almasb.fxgl.app.services.SystemBundleService
14:50:26.576 [FXGL Background Thread 3 ] DEBUG Engine               - class com.almasb.fxgl.profile.SaveLoadService
14:50:26.576 [FXGL Background Thread 3 ] DEBUG Engine               - class com.almasb.fxgl.ui.FXGLUIFactoryServiceProvider
14:50:26.576 [FXGL Background Thread 3 ] DEBUG Engine               - class com.almasb.fxgl.ui.FXGLDialogFactoryServiceProvider
14:50:26.577 [FXGL Background Thread 3 ] DEBUG Engine               - class com.almasb.fxgl.audio.AudioPlayer
14:50:26.577 [FXGL Background Thread 3 ] DEBUG Engine               - class com.almasb.fxgl.notification.impl.NotificationServiceProvider
14:50:26.577 [FXGL Background Thread 3 ] DEBUG Engine               - class com.almasb.fxgl.achievement.AchievementService
14:50:26.577 [FXGL Background Thread 3 ] DEBUG Engine               - class com.almasb.fxgl.cutscene.CutsceneService
14:50:26.577 [FXGL Background Thread 3 ] DEBUG Engine               - class com.almasb.fxgl.minigames.MiniGameService
14:50:26.578 [FXGL Background Thread 3 ] DEBUG Engine               - class com.almasb.fxgl.net.NetService
14:50:26.578 [FXGL Background Thread 3 ] DEBUG Engine               - class com.almasb.fxgl.app.services.UpdaterService
14:50:26.578 [FXGL Background Thread 3 ] DEBUG Engine               - class com.almasb.fxgl.dev.DevService
14:50:34.400 [JavaFX Application Thread] DEBUG FXGLApplication      - Exiting FXGL
14:50:34.401 [JavaFX Application Thread] DEBUG Async                - Shutting down background threads
14:50:34.401 [JavaFX Application Thread] DEBUG PrimaryStageWindow   - Closing main window
14:50:34.408 [JavaFX Application Thread] DEBUG Logger               - Closing Logger
